[05-Apr-2024 08:41:25 UTC] PHP Warning:  Undefined property: stdClass::$color in C:\xampp\htdocs\ogpop-live\themes\altum\views\partials\plans.php on line 55
[05-Apr-2024 08:41:25 UTC] PHP Warning:  Undefined property: stdClass::$price in C:\xampp\htdocs\ogpop-live\themes\altum\views\partials\plans.php on line 68
[05-Apr-2024 08:41:25 UTC] PHP Warning:  Undefined property: stdClass::$description in C:\xampp\htdocs\ogpop-live\themes\altum\views\partials\plans.php on line 71
[05-Apr-2024 08:41:25 UTC] PHP Warning:  Undefined property: stdClass::$track_notifications_retention in C:\xampp\htdocs\ogpop-live\themes\altum\views\partials\plans_plan_content.php on line 45
[05-Apr-2024 08:41:25 UTC] PHP Warning:  Undefined property: stdClass::$track_notifications_retention in C:\xampp\htdocs\ogpop-live\themes\altum\views\partials\plans_plan_content.php on line 45
[05-Apr-2024 08:41:25 UTC] PHP Warning:  Undefined property: stdClass::$track_notifications_retention in C:\xampp\htdocs\ogpop-live\themes\altum\views\partials\plans_plan_content.php on line 47
[05-Apr-2024 08:41:25 UTC] PHP Warning:  Undefined property: stdClass::$track_conversions_retention in C:\xampp\htdocs\ogpop-live\themes\altum\views\partials\plans_plan_content.php on line 51
[05-Apr-2024 08:41:25 UTC] PHP Warning:  Undefined property: stdClass::$track_conversions_retention in C:\xampp\htdocs\ogpop-live\themes\altum\views\partials\plans_plan_content.php on line 51
[05-Apr-2024 08:41:25 UTC] PHP Warning:  Undefined property: stdClass::$track_conversions_retention in C:\xampp\htdocs\ogpop-live\themes\altum\views\partials\plans_plan_content.php on line 53
[05-Apr-2024 08:41:25 UTC] PHP Warning:  Undefined property: stdClass::$display_index_latest_blog_posts in C:\xampp\htdocs\ogpop-live\app\controllers\Index.php on line 66
[05-Apr-2024 08:51:05 UTC] PHP Warning:  Undefined property: stdClass::$color in C:\xampp\htdocs\ogpop-live\themes\altum\views\partials\plans.php on line 55
[05-Apr-2024 08:51:05 UTC] PHP Warning:  Undefined property: stdClass::$price in C:\xampp\htdocs\ogpop-live\themes\altum\views\partials\plans.php on line 68
[05-Apr-2024 08:51:05 UTC] PHP Warning:  Undefined property: stdClass::$description in C:\xampp\htdocs\ogpop-live\themes\altum\views\partials\plans.php on line 71
[05-Apr-2024 08:51:05 UTC] PHP Warning:  Undefined property: stdClass::$track_notifications_retention in C:\xampp\htdocs\ogpop-live\themes\altum\views\partials\plans_plan_content.php on line 45
[05-Apr-2024 08:51:05 UTC] PHP Warning:  Undefined property: stdClass::$track_notifications_retention in C:\xampp\htdocs\ogpop-live\themes\altum\views\partials\plans_plan_content.php on line 45
[05-Apr-2024 08:51:05 UTC] PHP Warning:  Undefined property: stdClass::$track_notifications_retention in C:\xampp\htdocs\ogpop-live\themes\altum\views\partials\plans_plan_content.php on line 47
[05-Apr-2024 08:51:05 UTC] PHP Warning:  Undefined property: stdClass::$track_conversions_retention in C:\xampp\htdocs\ogpop-live\themes\altum\views\partials\plans_plan_content.php on line 51
[05-Apr-2024 08:51:05 UTC] PHP Warning:  Undefined property: stdClass::$track_conversions_retention in C:\xampp\htdocs\ogpop-live\themes\altum\views\partials\plans_plan_content.php on line 51
[05-Apr-2024 08:51:05 UTC] PHP Warning:  Undefined property: stdClass::$track_conversions_retention in C:\xampp\htdocs\ogpop-live\themes\altum\views\partials\plans_plan_content.php on line 53
[05-Apr-2024 08:51:11 UTC] PHP Warning:  Undefined property: stdClass::$color in C:\xampp\htdocs\ogpop-live\themes\altum\views\partials\plans.php on line 55
[05-Apr-2024 08:51:11 UTC] PHP Warning:  Undefined property: stdClass::$price in C:\xampp\htdocs\ogpop-live\themes\altum\views\partials\plans.php on line 68
[05-Apr-2024 08:51:11 UTC] PHP Warning:  Undefined property: stdClass::$description in C:\xampp\htdocs\ogpop-live\themes\altum\views\partials\plans.php on line 71
[05-Apr-2024 08:51:11 UTC] PHP Warning:  Undefined property: stdClass::$track_notifications_retention in C:\xampp\htdocs\ogpop-live\themes\altum\views\partials\plans_plan_content.php on line 45
[05-Apr-2024 08:51:11 UTC] PHP Warning:  Undefined property: stdClass::$track_notifications_retention in C:\xampp\htdocs\ogpop-live\themes\altum\views\partials\plans_plan_content.php on line 45
[05-Apr-2024 08:51:11 UTC] PHP Warning:  Undefined property: stdClass::$track_notifications_retention in C:\xampp\htdocs\ogpop-live\themes\altum\views\partials\plans_plan_content.php on line 47
[05-Apr-2024 08:51:11 UTC] PHP Warning:  Undefined property: stdClass::$track_conversions_retention in C:\xampp\htdocs\ogpop-live\themes\altum\views\partials\plans_plan_content.php on line 51
[05-Apr-2024 08:51:11 UTC] PHP Warning:  Undefined property: stdClass::$track_conversions_retention in C:\xampp\htdocs\ogpop-live\themes\altum\views\partials\plans_plan_content.php on line 51
[05-Apr-2024 08:51:11 UTC] PHP Warning:  Undefined property: stdClass::$track_conversions_retention in C:\xampp\htdocs\ogpop-live\themes\altum\views\partials\plans_plan_content.php on line 53
[05-Apr-2024 09:08:28 UTC] PHP Warning:  Undefined property: stdClass::$color in C:\xampp\htdocs\ogpop-live\themes\altum\views\partials\plans.php on line 55
[05-Apr-2024 09:08:28 UTC] PHP Warning:  Undefined property: stdClass::$track_notifications_retention in C:\xampp\htdocs\ogpop-live\themes\altum\views\partials\plans_plan_content.php on line 45
[05-Apr-2024 09:08:28 UTC] PHP Warning:  Undefined property: stdClass::$track_notifications_retention in C:\xampp\htdocs\ogpop-live\themes\altum\views\partials\plans_plan_content.php on line 45
[05-Apr-2024 09:08:28 UTC] PHP Warning:  Undefined property: stdClass::$track_notifications_retention in C:\xampp\htdocs\ogpop-live\themes\altum\views\partials\plans_plan_content.php on line 47
[05-Apr-2024 09:08:28 UTC] PHP Warning:  Undefined property: stdClass::$track_conversions_retention in C:\xampp\htdocs\ogpop-live\themes\altum\views\partials\plans_plan_content.php on line 51
[05-Apr-2024 09:08:28 UTC] PHP Warning:  Undefined property: stdClass::$track_conversions_retention in C:\xampp\htdocs\ogpop-live\themes\altum\views\partials\plans_plan_content.php on line 51
[05-Apr-2024 09:08:28 UTC] PHP Warning:  Undefined property: stdClass::$track_conversions_retention in C:\xampp\htdocs\ogpop-live\themes\altum\views\partials\plans_plan_content.php on line 53
[05-Apr-2024 16:18:46 UTC] PHP Warning:  Undefined property: stdClass::$color in C:\xampp\htdocs\ogpop-live\themes\altum\views\partials\plans.php on line 55
[05-Apr-2024 16:18:46 UTC] PHP Warning:  Undefined property: stdClass::$track_notifications_retention in C:\xampp\htdocs\ogpop-live\themes\altum\views\partials\plans_plan_content.php on line 45
[05-Apr-2024 16:18:46 UTC] PHP Warning:  Undefined property: stdClass::$track_notifications_retention in C:\xampp\htdocs\ogpop-live\themes\altum\views\partials\plans_plan_content.php on line 45
[05-Apr-2024 16:18:46 UTC] PHP Warning:  Undefined property: stdClass::$track_notifications_retention in C:\xampp\htdocs\ogpop-live\themes\altum\views\partials\plans_plan_content.php on line 47
[05-Apr-2024 16:18:46 UTC] PHP Warning:  Undefined property: stdClass::$track_conversions_retention in C:\xampp\htdocs\ogpop-live\themes\altum\views\partials\plans_plan_content.php on line 51
[05-Apr-2024 16:18:46 UTC] PHP Warning:  Undefined property: stdClass::$track_conversions_retention in C:\xampp\htdocs\ogpop-live\themes\altum\views\partials\plans_plan_content.php on line 51
[05-Apr-2024 16:18:46 UTC] PHP Warning:  Undefined property: stdClass::$track_conversions_retention in C:\xampp\htdocs\ogpop-live\themes\altum\views\partials\plans_plan_content.php on line 53
[05-Apr-2024 16:53:19 UTC] PHP Warning:  Undefined property: stdClass::$color in C:\xampp\htdocs\ogpop-live\themes\altum\views\partials\plans.php on line 55
[05-Apr-2024 16:53:19 UTC] PHP Warning:  Undefined property: stdClass::$track_notifications_retention in C:\xampp\htdocs\ogpop-live\themes\altum\views\partials\plans_plan_content.php on line 45
[05-Apr-2024 16:53:19 UTC] PHP Warning:  Undefined property: stdClass::$track_notifications_retention in C:\xampp\htdocs\ogpop-live\themes\altum\views\partials\plans_plan_content.php on line 45
[05-Apr-2024 16:53:19 UTC] PHP Warning:  Undefined property: stdClass::$track_notifications_retention in C:\xampp\htdocs\ogpop-live\themes\altum\views\partials\plans_plan_content.php on line 47
[05-Apr-2024 16:53:19 UTC] PHP Warning:  Undefined property: stdClass::$track_conversions_retention in C:\xampp\htdocs\ogpop-live\themes\altum\views\partials\plans_plan_content.php on line 51
[05-Apr-2024 16:53:19 UTC] PHP Warning:  Undefined property: stdClass::$track_conversions_retention in C:\xampp\htdocs\ogpop-live\themes\altum\views\partials\plans_plan_content.php on line 51
[05-Apr-2024 16:53:19 UTC] PHP Warning:  Undefined property: stdClass::$track_conversions_retention in C:\xampp\htdocs\ogpop-live\themes\altum\views\partials\plans_plan_content.php on line 53
[05-Apr-2024 16:55:50 UTC] PHP Warning:  Undefined property: stdClass::$color in C:\xampp\htdocs\ogpop-live\themes\altum\views\partials\plans.php on line 55
[05-Apr-2024 16:55:50 UTC] PHP Warning:  Undefined property: stdClass::$track_notifications_retention in C:\xampp\htdocs\ogpop-live\themes\altum\views\partials\plans_plan_content.php on line 45
[05-Apr-2024 16:55:50 UTC] PHP Warning:  Undefined property: stdClass::$track_notifications_retention in C:\xampp\htdocs\ogpop-live\themes\altum\views\partials\plans_plan_content.php on line 45
[05-Apr-2024 16:55:50 UTC] PHP Warning:  Undefined property: stdClass::$track_notifications_retention in C:\xampp\htdocs\ogpop-live\themes\altum\views\partials\plans_plan_content.php on line 47
[05-Apr-2024 16:55:50 UTC] PHP Warning:  Undefined property: stdClass::$track_conversions_retention in C:\xampp\htdocs\ogpop-live\themes\altum\views\partials\plans_plan_content.php on line 51
[05-Apr-2024 16:55:50 UTC] PHP Warning:  Undefined property: stdClass::$track_conversions_retention in C:\xampp\htdocs\ogpop-live\themes\altum\views\partials\plans_plan_content.php on line 51
[05-Apr-2024 16:55:50 UTC] PHP Warning:  Undefined property: stdClass::$track_conversions_retention in C:\xampp\htdocs\ogpop-live\themes\altum\views\partials\plans_plan_content.php on line 53
[05-Apr-2024 16:55:55 UTC] PHP Warning:  Undefined property: stdClass::$color in C:\xampp\htdocs\ogpop-live\themes\altum\views\partials\plans.php on line 55
[05-Apr-2024 16:55:55 UTC] PHP Warning:  Undefined property: stdClass::$track_notifications_retention in C:\xampp\htdocs\ogpop-live\themes\altum\views\partials\plans_plan_content.php on line 45
[05-Apr-2024 16:55:55 UTC] PHP Warning:  Undefined property: stdClass::$track_notifications_retention in C:\xampp\htdocs\ogpop-live\themes\altum\views\partials\plans_plan_content.php on line 45
[05-Apr-2024 16:55:55 UTC] PHP Warning:  Undefined property: stdClass::$track_notifications_retention in C:\xampp\htdocs\ogpop-live\themes\altum\views\partials\plans_plan_content.php on line 47
[05-Apr-2024 16:55:55 UTC] PHP Warning:  Undefined property: stdClass::$track_conversions_retention in C:\xampp\htdocs\ogpop-live\themes\altum\views\partials\plans_plan_content.php on line 51
[05-Apr-2024 16:55:55 UTC] PHP Warning:  Undefined property: stdClass::$track_conversions_retention in C:\xampp\htdocs\ogpop-live\themes\altum\views\partials\plans_plan_content.php on line 51
[05-Apr-2024 16:55:55 UTC] PHP Warning:  Undefined property: stdClass::$track_conversions_retention in C:\xampp\htdocs\ogpop-live\themes\altum\views\partials\plans_plan_content.php on line 53
[05-Apr-2024 16:57:01 UTC] PHP Warning:  Undefined property: stdClass::$color in C:\xampp\htdocs\ogpop-live\themes\altum\views\partials\plans.php on line 55
[05-Apr-2024 16:57:01 UTC] PHP Warning:  Undefined property: stdClass::$track_notifications_retention in C:\xampp\htdocs\ogpop-live\themes\altum\views\partials\plans_plan_content.php on line 45
[05-Apr-2024 16:57:01 UTC] PHP Warning:  Undefined property: stdClass::$track_notifications_retention in C:\xampp\htdocs\ogpop-live\themes\altum\views\partials\plans_plan_content.php on line 45
[05-Apr-2024 16:57:01 UTC] PHP Warning:  Undefined property: stdClass::$track_notifications_retention in C:\xampp\htdocs\ogpop-live\themes\altum\views\partials\plans_plan_content.php on line 47
[05-Apr-2024 16:57:01 UTC] PHP Warning:  Undefined property: stdClass::$track_conversions_retention in C:\xampp\htdocs\ogpop-live\themes\altum\views\partials\plans_plan_content.php on line 51
[05-Apr-2024 16:57:01 UTC] PHP Warning:  Undefined property: stdClass::$track_conversions_retention in C:\xampp\htdocs\ogpop-live\themes\altum\views\partials\plans_plan_content.php on line 51
[05-Apr-2024 16:57:01 UTC] PHP Warning:  Undefined property: stdClass::$track_conversions_retention in C:\xampp\htdocs\ogpop-live\themes\altum\views\partials\plans_plan_content.php on line 53
[05-Apr-2024 18:00:19 UTC] PHP Warning:  Undefined property: stdClass::$color in C:\mains\xamp\htdocs\ogpop-live\themes\altum\views\partials\plans.php on line 55
[05-Apr-2024 18:00:19 UTC] PHP Warning:  Undefined property: stdClass::$track_notifications_retention in C:\mains\xamp\htdocs\ogpop-live\themes\altum\views\partials\plans_plan_content.php on line 45
[05-Apr-2024 18:00:19 UTC] PHP Warning:  Undefined property: stdClass::$track_notifications_retention in C:\mains\xamp\htdocs\ogpop-live\themes\altum\views\partials\plans_plan_content.php on line 45
[05-Apr-2024 18:00:19 UTC] PHP Warning:  Undefined property: stdClass::$track_notifications_retention in C:\mains\xamp\htdocs\ogpop-live\themes\altum\views\partials\plans_plan_content.php on line 47
[05-Apr-2024 18:00:19 UTC] PHP Warning:  Undefined property: stdClass::$track_conversions_retention in C:\mains\xamp\htdocs\ogpop-live\themes\altum\views\partials\plans_plan_content.php on line 51
[05-Apr-2024 18:00:19 UTC] PHP Warning:  Undefined property: stdClass::$track_conversions_retention in C:\mains\xamp\htdocs\ogpop-live\themes\altum\views\partials\plans_plan_content.php on line 51
[05-Apr-2024 18:00:19 UTC] PHP Warning:  Undefined property: stdClass::$track_conversions_retention in C:\mains\xamp\htdocs\ogpop-live\themes\altum\views\partials\plans_plan_content.php on line 53
[05-Apr-2024 18:00:33 UTC] PHP Warning:  Undefined property: stdClass::$color in C:\mains\xamp\htdocs\ogpop-live\themes\altum\views\partials\plans.php on line 55
[05-Apr-2024 18:00:33 UTC] PHP Warning:  Undefined property: stdClass::$track_notifications_retention in C:\mains\xamp\htdocs\ogpop-live\themes\altum\views\partials\plans_plan_content.php on line 45
[05-Apr-2024 18:00:33 UTC] PHP Warning:  Undefined property: stdClass::$track_notifications_retention in C:\mains\xamp\htdocs\ogpop-live\themes\altum\views\partials\plans_plan_content.php on line 45
[05-Apr-2024 18:00:33 UTC] PHP Warning:  Undefined property: stdClass::$track_notifications_retention in C:\mains\xamp\htdocs\ogpop-live\themes\altum\views\partials\plans_plan_content.php on line 47
[05-Apr-2024 18:00:33 UTC] PHP Warning:  Undefined property: stdClass::$track_conversions_retention in C:\mains\xamp\htdocs\ogpop-live\themes\altum\views\partials\plans_plan_content.php on line 51
[05-Apr-2024 18:00:33 UTC] PHP Warning:  Undefined property: stdClass::$track_conversions_retention in C:\mains\xamp\htdocs\ogpop-live\themes\altum\views\partials\plans_plan_content.php on line 51
[05-Apr-2024 18:00:33 UTC] PHP Warning:  Undefined property: stdClass::$track_conversions_retention in C:\mains\xamp\htdocs\ogpop-live\themes\altum\views\partials\plans_plan_content.php on line 53
