[04-Apr-2024 08:10:49 UTC] PHP Warning:  mysqli::__construct(): (HY000/1045): Access denied for user ''@'localhost' (using password: YES) in /home/studyrag/public_html/app/core/Database.php on line 24
[04-Apr-2024 08:20:44 UTC] PHP Warning:  mysqli::__construct(): (HY000/1045): Access denied for user ''@'localhost' (using password: YES) in /home/studyrag/public_html/app/core/Database.php on line 24
[04-Apr-2024 08:21:08 UTC] PHP Warning:  Undefined property: stdClass::$color in /home/studyrag/public_html/themes/altum/views/partials/plans.php on line 55
[04-Apr-2024 08:21:08 UTC] PHP Warning:  Undefined property: stdClass::$price in /home/studyrag/public_html/themes/altum/views/partials/plans.php on line 68
[04-Apr-2024 08:21:08 UTC] PHP Warning:  Undefined property: stdClass::$description in /home/studyrag/public_html/themes/altum/views/partials/plans.php on line 71
[04-Apr-2024 08:21:08 UTC] PHP Warning:  Undefined property: stdClass::$track_notifications_retention in /home/studyrag/public_html/themes/altum/views/partials/plans_plan_content.php on line 45
[04-Apr-2024 08:21:08 UTC] PHP Warning:  Undefined property: stdClass::$track_notifications_retention in /home/studyrag/public_html/themes/altum/views/partials/plans_plan_content.php on line 45
[04-Apr-2024 08:21:08 UTC] PHP Warning:  Undefined property: stdClass::$track_notifications_retention in /home/studyrag/public_html/themes/altum/views/partials/plans_plan_content.php on line 47
[04-Apr-2024 08:21:08 UTC] PHP Warning:  Undefined property: stdClass::$track_conversions_retention in /home/studyrag/public_html/themes/altum/views/partials/plans_plan_content.php on line 51
[04-Apr-2024 08:21:08 UTC] PHP Warning:  Undefined property: stdClass::$track_conversions_retention in /home/studyrag/public_html/themes/altum/views/partials/plans_plan_content.php on line 51
[04-Apr-2024 08:21:08 UTC] PHP Warning:  Undefined property: stdClass::$track_conversions_retention in /home/studyrag/public_html/themes/altum/views/partials/plans_plan_content.php on line 53
[04-Apr-2024 08:21:08 UTC] PHP Warning:  Undefined property: stdClass::$display_index_latest_blog_posts in /home/studyrag/public_html/app/controllers/Index.php on line 66
[04-Apr-2024 08:27:04 UTC] PHP Warning:  Undefined property: stdClass::$color in /home/studyrag/public_html/themes/altum/views/partials/plans.php on line 55
[04-Apr-2024 08:27:04 UTC] PHP Warning:  Undefined property: stdClass::$price in /home/studyrag/public_html/themes/altum/views/partials/plans.php on line 68
[04-Apr-2024 08:27:04 UTC] PHP Warning:  Undefined property: stdClass::$description in /home/studyrag/public_html/themes/altum/views/partials/plans.php on line 71
[04-Apr-2024 08:27:04 UTC] PHP Warning:  Undefined property: stdClass::$track_notifications_retention in /home/studyrag/public_html/themes/altum/views/partials/plans_plan_content.php on line 45
[04-Apr-2024 08:27:04 UTC] PHP Warning:  Undefined property: stdClass::$track_notifications_retention in /home/studyrag/public_html/themes/altum/views/partials/plans_plan_content.php on line 45
[04-Apr-2024 08:27:04 UTC] PHP Warning:  Undefined property: stdClass::$track_notifications_retention in /home/studyrag/public_html/themes/altum/views/partials/plans_plan_content.php on line 47
[04-Apr-2024 08:27:04 UTC] PHP Warning:  Undefined property: stdClass::$track_conversions_retention in /home/studyrag/public_html/themes/altum/views/partials/plans_plan_content.php on line 51
[04-Apr-2024 08:27:04 UTC] PHP Warning:  Undefined property: stdClass::$track_conversions_retention in /home/studyrag/public_html/themes/altum/views/partials/plans_plan_content.php on line 51
[04-Apr-2024 08:27:04 UTC] PHP Warning:  Undefined property: stdClass::$track_conversions_retention in /home/studyrag/public_html/themes/altum/views/partials/plans_plan_content.php on line 53
[04-Apr-2024 08:27:04 UTC] PHP Warning:  Undefined property: stdClass::$display_index_latest_blog_posts in /home/studyrag/public_html/app/controllers/Index.php on line 66
[04-Apr-2024 08:29:24 UTC] PHP Warning:  Undefined property: stdClass::$color in /home/studyrag/public_html/themes/altum/views/partials/plans.php on line 55
[04-Apr-2024 08:29:24 UTC] PHP Warning:  Undefined property: stdClass::$price in /home/studyrag/public_html/themes/altum/views/partials/plans.php on line 68
[04-Apr-2024 08:29:24 UTC] PHP Warning:  Undefined property: stdClass::$description in /home/studyrag/public_html/themes/altum/views/partials/plans.php on line 71
[04-Apr-2024 08:29:24 UTC] PHP Warning:  Undefined property: stdClass::$track_notifications_retention in /home/studyrag/public_html/themes/altum/views/partials/plans_plan_content.php on line 45
[04-Apr-2024 08:29:24 UTC] PHP Warning:  Undefined property: stdClass::$track_notifications_retention in /home/studyrag/public_html/themes/altum/views/partials/plans_plan_content.php on line 45
[04-Apr-2024 08:29:24 UTC] PHP Warning:  Undefined property: stdClass::$track_notifications_retention in /home/studyrag/public_html/themes/altum/views/partials/plans_plan_content.php on line 47
[04-Apr-2024 08:29:24 UTC] PHP Warning:  Undefined property: stdClass::$track_conversions_retention in /home/studyrag/public_html/themes/altum/views/partials/plans_plan_content.php on line 51
[04-Apr-2024 08:29:24 UTC] PHP Warning:  Undefined property: stdClass::$track_conversions_retention in /home/studyrag/public_html/themes/altum/views/partials/plans_plan_content.php on line 51
[04-Apr-2024 08:29:24 UTC] PHP Warning:  Undefined property: stdClass::$track_conversions_retention in /home/studyrag/public_html/themes/altum/views/partials/plans_plan_content.php on line 53
[04-Apr-2024 08:29:24 UTC] PHP Warning:  Undefined property: stdClass::$display_index_latest_blog_posts in /home/studyrag/public_html/app/controllers/Index.php on line 66
[04-Apr-2024 08:30:46 UTC] PHP Warning:  Undefined property: stdClass::$color in /home/studyrag/public_html/themes/altum/views/partials/plans.php on line 55
[04-Apr-2024 08:30:46 UTC] PHP Warning:  Undefined property: stdClass::$price in /home/studyrag/public_html/themes/altum/views/partials/plans.php on line 68
[04-Apr-2024 08:30:46 UTC] PHP Warning:  Undefined property: stdClass::$description in /home/studyrag/public_html/themes/altum/views/partials/plans.php on line 71
[04-Apr-2024 08:30:46 UTC] PHP Warning:  Undefined property: stdClass::$track_notifications_retention in /home/studyrag/public_html/themes/altum/views/partials/plans_plan_content.php on line 45
[04-Apr-2024 08:30:46 UTC] PHP Warning:  Undefined property: stdClass::$track_notifications_retention in /home/studyrag/public_html/themes/altum/views/partials/plans_plan_content.php on line 45
[04-Apr-2024 08:30:46 UTC] PHP Warning:  Undefined property: stdClass::$track_notifications_retention in /home/studyrag/public_html/themes/altum/views/partials/plans_plan_content.php on line 47
[04-Apr-2024 08:30:46 UTC] PHP Warning:  Undefined property: stdClass::$track_conversions_retention in /home/studyrag/public_html/themes/altum/views/partials/plans_plan_content.php on line 51
[04-Apr-2024 08:30:46 UTC] PHP Warning:  Undefined property: stdClass::$track_conversions_retention in /home/studyrag/public_html/themes/altum/views/partials/plans_plan_content.php on line 51
[04-Apr-2024 08:30:46 UTC] PHP Warning:  Undefined property: stdClass::$track_conversions_retention in /home/studyrag/public_html/themes/altum/views/partials/plans_plan_content.php on line 53
[04-Apr-2024 08:30:46 UTC] PHP Warning:  Undefined property: stdClass::$display_index_latest_blog_posts in /home/studyrag/public_html/app/controllers/Index.php on line 66
[04-Apr-2024 08:34:00 UTC] PHP Warning:  Undefined property: stdClass::$color in /home/studyrag/public_html/themes/altum/views/partials/plans.php on line 55
[04-Apr-2024 08:34:00 UTC] PHP Warning:  Undefined property: stdClass::$price in /home/studyrag/public_html/themes/altum/views/partials/plans.php on line 68
[04-Apr-2024 08:34:00 UTC] PHP Warning:  Undefined property: stdClass::$description in /home/studyrag/public_html/themes/altum/views/partials/plans.php on line 71
[04-Apr-2024 08:34:00 UTC] PHP Warning:  Undefined property: stdClass::$track_notifications_retention in /home/studyrag/public_html/themes/altum/views/partials/plans_plan_content.php on line 45
[04-Apr-2024 08:34:00 UTC] PHP Warning:  Undefined property: stdClass::$track_notifications_retention in /home/studyrag/public_html/themes/altum/views/partials/plans_plan_content.php on line 45
[04-Apr-2024 08:34:00 UTC] PHP Warning:  Undefined property: stdClass::$track_notifications_retention in /home/studyrag/public_html/themes/altum/views/partials/plans_plan_content.php on line 47
[04-Apr-2024 08:34:00 UTC] PHP Warning:  Undefined property: stdClass::$track_conversions_retention in /home/studyrag/public_html/themes/altum/views/partials/plans_plan_content.php on line 51
[04-Apr-2024 08:34:00 UTC] PHP Warning:  Undefined property: stdClass::$track_conversions_retention in /home/studyrag/public_html/themes/altum/views/partials/plans_plan_content.php on line 51
[04-Apr-2024 08:34:00 UTC] PHP Warning:  Undefined property: stdClass::$track_conversions_retention in /home/studyrag/public_html/themes/altum/views/partials/plans_plan_content.php on line 53
[04-Apr-2024 08:34:00 UTC] PHP Warning:  Undefined property: stdClass::$display_index_latest_blog_posts in /home/studyrag/public_html/app/controllers/Index.php on line 66
[04-Apr-2024 09:00:31 UTC] PHP Warning:  Undefined property: stdClass::$color in C:\xampp\htdocs\ogpop-live\themes\altum\views\partials\plans.php on line 55
[04-Apr-2024 09:00:31 UTC] PHP Warning:  Undefined property: stdClass::$price in C:\xampp\htdocs\ogpop-live\themes\altum\views\partials\plans.php on line 68
[04-Apr-2024 09:00:31 UTC] PHP Warning:  Undefined property: stdClass::$description in C:\xampp\htdocs\ogpop-live\themes\altum\views\partials\plans.php on line 71
[04-Apr-2024 09:00:31 UTC] PHP Warning:  Undefined property: stdClass::$track_notifications_retention in C:\xampp\htdocs\ogpop-live\themes\altum\views\partials\plans_plan_content.php on line 45
[04-Apr-2024 09:00:31 UTC] PHP Warning:  Undefined property: stdClass::$track_notifications_retention in C:\xampp\htdocs\ogpop-live\themes\altum\views\partials\plans_plan_content.php on line 45
[04-Apr-2024 09:00:31 UTC] PHP Warning:  Undefined property: stdClass::$track_notifications_retention in C:\xampp\htdocs\ogpop-live\themes\altum\views\partials\plans_plan_content.php on line 47
[04-Apr-2024 09:00:31 UTC] PHP Warning:  Undefined property: stdClass::$track_conversions_retention in C:\xampp\htdocs\ogpop-live\themes\altum\views\partials\plans_plan_content.php on line 51
[04-Apr-2024 09:00:31 UTC] PHP Warning:  Undefined property: stdClass::$track_conversions_retention in C:\xampp\htdocs\ogpop-live\themes\altum\views\partials\plans_plan_content.php on line 51
[04-Apr-2024 09:00:31 UTC] PHP Warning:  Undefined property: stdClass::$track_conversions_retention in C:\xampp\htdocs\ogpop-live\themes\altum\views\partials\plans_plan_content.php on line 53
[04-Apr-2024 09:00:31 UTC] PHP Warning:  Undefined property: stdClass::$display_index_latest_blog_posts in C:\xampp\htdocs\ogpop-live\app\controllers\Index.php on line 66
[04-Apr-2024 09:01:39 UTC] PHP Warning:  Undefined property: stdClass::$color in C:\xampp\htdocs\ogpop-live\themes\altum\views\partials\plans.php on line 55
[04-Apr-2024 09:01:39 UTC] PHP Warning:  Undefined property: stdClass::$price in C:\xampp\htdocs\ogpop-live\themes\altum\views\partials\plans.php on line 68
[04-Apr-2024 09:01:39 UTC] PHP Warning:  Undefined property: stdClass::$description in C:\xampp\htdocs\ogpop-live\themes\altum\views\partials\plans.php on line 71
[04-Apr-2024 09:01:39 UTC] PHP Warning:  Undefined property: stdClass::$track_notifications_retention in C:\xampp\htdocs\ogpop-live\themes\altum\views\partials\plans_plan_content.php on line 45
[04-Apr-2024 09:01:39 UTC] PHP Warning:  Undefined property: stdClass::$track_notifications_retention in C:\xampp\htdocs\ogpop-live\themes\altum\views\partials\plans_plan_content.php on line 45
[04-Apr-2024 09:01:39 UTC] PHP Warning:  Undefined property: stdClass::$track_notifications_retention in C:\xampp\htdocs\ogpop-live\themes\altum\views\partials\plans_plan_content.php on line 47
[04-Apr-2024 09:01:39 UTC] PHP Warning:  Undefined property: stdClass::$track_conversions_retention in C:\xampp\htdocs\ogpop-live\themes\altum\views\partials\plans_plan_content.php on line 51
[04-Apr-2024 09:01:39 UTC] PHP Warning:  Undefined property: stdClass::$track_conversions_retention in C:\xampp\htdocs\ogpop-live\themes\altum\views\partials\plans_plan_content.php on line 51
[04-Apr-2024 09:01:39 UTC] PHP Warning:  Undefined property: stdClass::$track_conversions_retention in C:\xampp\htdocs\ogpop-live\themes\altum\views\partials\plans_plan_content.php on line 53
[04-Apr-2024 09:01:39 UTC] PHP Warning:  Undefined property: stdClass::$display_index_latest_blog_posts in C:\xampp\htdocs\ogpop-live\app\controllers\Index.php on line 66
[04-Apr-2024 09:02:35 UTC] PHP Warning:  Undefined property: stdClass::$color in C:\xampp\htdocs\ogpop-live\themes\altum\views\partials\plans.php on line 55
[04-Apr-2024 09:02:35 UTC] PHP Warning:  Undefined property: stdClass::$price in C:\xampp\htdocs\ogpop-live\themes\altum\views\partials\plans.php on line 68
[04-Apr-2024 09:02:35 UTC] PHP Warning:  Undefined property: stdClass::$description in C:\xampp\htdocs\ogpop-live\themes\altum\views\partials\plans.php on line 71
[04-Apr-2024 09:02:35 UTC] PHP Warning:  Undefined property: stdClass::$track_notifications_retention in C:\xampp\htdocs\ogpop-live\themes\altum\views\partials\plans_plan_content.php on line 45
[04-Apr-2024 09:02:35 UTC] PHP Warning:  Undefined property: stdClass::$track_notifications_retention in C:\xampp\htdocs\ogpop-live\themes\altum\views\partials\plans_plan_content.php on line 45
[04-Apr-2024 09:02:35 UTC] PHP Warning:  Undefined property: stdClass::$track_notifications_retention in C:\xampp\htdocs\ogpop-live\themes\altum\views\partials\plans_plan_content.php on line 47
[04-Apr-2024 09:02:35 UTC] PHP Warning:  Undefined property: stdClass::$track_conversions_retention in C:\xampp\htdocs\ogpop-live\themes\altum\views\partials\plans_plan_content.php on line 51
[04-Apr-2024 09:02:35 UTC] PHP Warning:  Undefined property: stdClass::$track_conversions_retention in C:\xampp\htdocs\ogpop-live\themes\altum\views\partials\plans_plan_content.php on line 51
[04-Apr-2024 09:02:35 UTC] PHP Warning:  Undefined property: stdClass::$track_conversions_retention in C:\xampp\htdocs\ogpop-live\themes\altum\views\partials\plans_plan_content.php on line 53
[04-Apr-2024 09:02:35 UTC] PHP Warning:  Undefined property: stdClass::$display_index_latest_blog_posts in C:\xampp\htdocs\ogpop-live\app\controllers\Index.php on line 66
[04-Apr-2024 09:02:47 UTC] PHP Warning:  Undefined property: stdClass::$color in C:\xampp\htdocs\ogpop-live\themes\altum\views\partials\plans.php on line 55
[04-Apr-2024 09:02:47 UTC] PHP Warning:  Undefined property: stdClass::$price in C:\xampp\htdocs\ogpop-live\themes\altum\views\partials\plans.php on line 68
[04-Apr-2024 09:02:47 UTC] PHP Warning:  Undefined property: stdClass::$description in C:\xampp\htdocs\ogpop-live\themes\altum\views\partials\plans.php on line 71
[04-Apr-2024 09:02:47 UTC] PHP Warning:  Undefined property: stdClass::$track_notifications_retention in C:\xampp\htdocs\ogpop-live\themes\altum\views\partials\plans_plan_content.php on line 45
[04-Apr-2024 09:02:47 UTC] PHP Warning:  Undefined property: stdClass::$track_notifications_retention in C:\xampp\htdocs\ogpop-live\themes\altum\views\partials\plans_plan_content.php on line 45
[04-Apr-2024 09:02:47 UTC] PHP Warning:  Undefined property: stdClass::$track_notifications_retention in C:\xampp\htdocs\ogpop-live\themes\altum\views\partials\plans_plan_content.php on line 47
[04-Apr-2024 09:02:47 UTC] PHP Warning:  Undefined property: stdClass::$track_conversions_retention in C:\xampp\htdocs\ogpop-live\themes\altum\views\partials\plans_plan_content.php on line 51
[04-Apr-2024 09:02:47 UTC] PHP Warning:  Undefined property: stdClass::$track_conversions_retention in C:\xampp\htdocs\ogpop-live\themes\altum\views\partials\plans_plan_content.php on line 51
[04-Apr-2024 09:02:47 UTC] PHP Warning:  Undefined property: stdClass::$track_conversions_retention in C:\xampp\htdocs\ogpop-live\themes\altum\views\partials\plans_plan_content.php on line 53
[04-Apr-2024 09:02:47 UTC] PHP Warning:  Undefined property: stdClass::$display_index_latest_blog_posts in C:\xampp\htdocs\ogpop-live\app\controllers\Index.php on line 66
[04-Apr-2024 09:03:15 UTC] PHP Warning:  Undefined property: stdClass::$color in C:\xampp\htdocs\ogpop-live\themes\altum\views\partials\plans.php on line 55
[04-Apr-2024 09:03:15 UTC] PHP Warning:  Undefined property: stdClass::$price in C:\xampp\htdocs\ogpop-live\themes\altum\views\partials\plans.php on line 68
[04-Apr-2024 09:03:15 UTC] PHP Warning:  Undefined property: stdClass::$description in C:\xampp\htdocs\ogpop-live\themes\altum\views\partials\plans.php on line 71
[04-Apr-2024 09:03:15 UTC] PHP Warning:  Undefined property: stdClass::$track_notifications_retention in C:\xampp\htdocs\ogpop-live\themes\altum\views\partials\plans_plan_content.php on line 45
[04-Apr-2024 09:03:15 UTC] PHP Warning:  Undefined property: stdClass::$track_notifications_retention in C:\xampp\htdocs\ogpop-live\themes\altum\views\partials\plans_plan_content.php on line 45
[04-Apr-2024 09:03:15 UTC] PHP Warning:  Undefined property: stdClass::$track_notifications_retention in C:\xampp\htdocs\ogpop-live\themes\altum\views\partials\plans_plan_content.php on line 47
[04-Apr-2024 09:03:15 UTC] PHP Warning:  Undefined property: stdClass::$track_conversions_retention in C:\xampp\htdocs\ogpop-live\themes\altum\views\partials\plans_plan_content.php on line 51
[04-Apr-2024 09:03:15 UTC] PHP Warning:  Undefined property: stdClass::$track_conversions_retention in C:\xampp\htdocs\ogpop-live\themes\altum\views\partials\plans_plan_content.php on line 51
[04-Apr-2024 09:03:15 UTC] PHP Warning:  Undefined property: stdClass::$track_conversions_retention in C:\xampp\htdocs\ogpop-live\themes\altum\views\partials\plans_plan_content.php on line 53
[04-Apr-2024 09:03:15 UTC] PHP Warning:  Undefined property: stdClass::$display_index_latest_blog_posts in C:\xampp\htdocs\ogpop-live\app\controllers\Index.php on line 66
[04-Apr-2024 09:03:38 UTC] PHP Warning:  Undefined property: stdClass::$color in C:\xampp\htdocs\ogpop-live\themes\altum\views\partials\plans.php on line 55
[04-Apr-2024 09:03:38 UTC] PHP Warning:  Undefined property: stdClass::$price in C:\xampp\htdocs\ogpop-live\themes\altum\views\partials\plans.php on line 68
[04-Apr-2024 09:03:38 UTC] PHP Warning:  Undefined property: stdClass::$description in C:\xampp\htdocs\ogpop-live\themes\altum\views\partials\plans.php on line 71
[04-Apr-2024 09:03:38 UTC] PHP Warning:  Undefined property: stdClass::$track_notifications_retention in C:\xampp\htdocs\ogpop-live\themes\altum\views\partials\plans_plan_content.php on line 45
[04-Apr-2024 09:03:38 UTC] PHP Warning:  Undefined property: stdClass::$track_notifications_retention in C:\xampp\htdocs\ogpop-live\themes\altum\views\partials\plans_plan_content.php on line 45
[04-Apr-2024 09:03:38 UTC] PHP Warning:  Undefined property: stdClass::$track_notifications_retention in C:\xampp\htdocs\ogpop-live\themes\altum\views\partials\plans_plan_content.php on line 47
[04-Apr-2024 09:03:38 UTC] PHP Warning:  Undefined property: stdClass::$track_conversions_retention in C:\xampp\htdocs\ogpop-live\themes\altum\views\partials\plans_plan_content.php on line 51
[04-Apr-2024 09:03:38 UTC] PHP Warning:  Undefined property: stdClass::$track_conversions_retention in C:\xampp\htdocs\ogpop-live\themes\altum\views\partials\plans_plan_content.php on line 51
[04-Apr-2024 09:03:38 UTC] PHP Warning:  Undefined property: stdClass::$track_conversions_retention in C:\xampp\htdocs\ogpop-live\themes\altum\views\partials\plans_plan_content.php on line 53
[04-Apr-2024 09:03:38 UTC] PHP Warning:  Undefined property: stdClass::$display_index_latest_blog_posts in C:\xampp\htdocs\ogpop-live\app\controllers\Index.php on line 66
[04-Apr-2024 10:06:22 UTC] PHP Warning:  Undefined property: stdClass::$color in C:\xampp\htdocs\ogpop-live\themes\altum\views\partials\plans.php on line 55
[04-Apr-2024 10:06:22 UTC] PHP Warning:  Undefined property: stdClass::$price in C:\xampp\htdocs\ogpop-live\themes\altum\views\partials\plans.php on line 68
[04-Apr-2024 10:06:22 UTC] PHP Warning:  Undefined property: stdClass::$description in C:\xampp\htdocs\ogpop-live\themes\altum\views\partials\plans.php on line 71
[04-Apr-2024 10:06:22 UTC] PHP Warning:  Undefined property: stdClass::$track_notifications_retention in C:\xampp\htdocs\ogpop-live\themes\altum\views\partials\plans_plan_content.php on line 45
[04-Apr-2024 10:06:22 UTC] PHP Warning:  Undefined property: stdClass::$track_notifications_retention in C:\xampp\htdocs\ogpop-live\themes\altum\views\partials\plans_plan_content.php on line 45
[04-Apr-2024 10:06:22 UTC] PHP Warning:  Undefined property: stdClass::$track_notifications_retention in C:\xampp\htdocs\ogpop-live\themes\altum\views\partials\plans_plan_content.php on line 47
[04-Apr-2024 10:06:22 UTC] PHP Warning:  Undefined property: stdClass::$track_conversions_retention in C:\xampp\htdocs\ogpop-live\themes\altum\views\partials\plans_plan_content.php on line 51
[04-Apr-2024 10:06:22 UTC] PHP Warning:  Undefined property: stdClass::$track_conversions_retention in C:\xampp\htdocs\ogpop-live\themes\altum\views\partials\plans_plan_content.php on line 51
[04-Apr-2024 10:06:22 UTC] PHP Warning:  Undefined property: stdClass::$track_conversions_retention in C:\xampp\htdocs\ogpop-live\themes\altum\views\partials\plans_plan_content.php on line 53
[04-Apr-2024 10:06:22 UTC] PHP Warning:  Undefined property: stdClass::$display_index_latest_blog_posts in C:\xampp\htdocs\ogpop-live\app\controllers\Index.php on line 66
[04-Apr-2024 10:13:50 UTC] PHP Warning:  Undefined property: stdClass::$color in C:\xampp\htdocs\ogpop-live\themes\altum\views\partials\plans.php on line 55
[04-Apr-2024 10:13:50 UTC] PHP Warning:  Undefined property: stdClass::$price in C:\xampp\htdocs\ogpop-live\themes\altum\views\partials\plans.php on line 68
[04-Apr-2024 10:13:50 UTC] PHP Warning:  Undefined property: stdClass::$description in C:\xampp\htdocs\ogpop-live\themes\altum\views\partials\plans.php on line 71
[04-Apr-2024 10:13:50 UTC] PHP Warning:  Undefined property: stdClass::$track_notifications_retention in C:\xampp\htdocs\ogpop-live\themes\altum\views\partials\plans_plan_content.php on line 45
[04-Apr-2024 10:13:50 UTC] PHP Warning:  Undefined property: stdClass::$track_notifications_retention in C:\xampp\htdocs\ogpop-live\themes\altum\views\partials\plans_plan_content.php on line 45
[04-Apr-2024 10:13:50 UTC] PHP Warning:  Undefined property: stdClass::$track_notifications_retention in C:\xampp\htdocs\ogpop-live\themes\altum\views\partials\plans_plan_content.php on line 47
[04-Apr-2024 10:13:50 UTC] PHP Warning:  Undefined property: stdClass::$track_conversions_retention in C:\xampp\htdocs\ogpop-live\themes\altum\views\partials\plans_plan_content.php on line 51
[04-Apr-2024 10:13:50 UTC] PHP Warning:  Undefined property: stdClass::$track_conversions_retention in C:\xampp\htdocs\ogpop-live\themes\altum\views\partials\plans_plan_content.php on line 51
[04-Apr-2024 10:13:50 UTC] PHP Warning:  Undefined property: stdClass::$track_conversions_retention in C:\xampp\htdocs\ogpop-live\themes\altum\views\partials\plans_plan_content.php on line 53
[04-Apr-2024 10:13:50 UTC] PHP Warning:  Undefined property: stdClass::$display_index_latest_blog_posts in C:\xampp\htdocs\ogpop-live\app\controllers\Index.php on line 66
[04-Apr-2024 10:15:13 UTC] PHP Warning:  Undefined property: stdClass::$color in C:\xampp\htdocs\ogpop-live\themes\altum\views\partials\plans.php on line 55
[04-Apr-2024 10:15:13 UTC] PHP Warning:  Undefined property: stdClass::$price in C:\xampp\htdocs\ogpop-live\themes\altum\views\partials\plans.php on line 68
[04-Apr-2024 10:15:13 UTC] PHP Warning:  Undefined property: stdClass::$description in C:\xampp\htdocs\ogpop-live\themes\altum\views\partials\plans.php on line 71
[04-Apr-2024 10:15:13 UTC] PHP Warning:  Undefined property: stdClass::$track_notifications_retention in C:\xampp\htdocs\ogpop-live\themes\altum\views\partials\plans_plan_content.php on line 45
[04-Apr-2024 10:15:13 UTC] PHP Warning:  Undefined property: stdClass::$track_notifications_retention in C:\xampp\htdocs\ogpop-live\themes\altum\views\partials\plans_plan_content.php on line 45
[04-Apr-2024 10:15:13 UTC] PHP Warning:  Undefined property: stdClass::$track_notifications_retention in C:\xampp\htdocs\ogpop-live\themes\altum\views\partials\plans_plan_content.php on line 47
[04-Apr-2024 10:15:13 UTC] PHP Warning:  Undefined property: stdClass::$track_conversions_retention in C:\xampp\htdocs\ogpop-live\themes\altum\views\partials\plans_plan_content.php on line 51
[04-Apr-2024 10:15:13 UTC] PHP Warning:  Undefined property: stdClass::$track_conversions_retention in C:\xampp\htdocs\ogpop-live\themes\altum\views\partials\plans_plan_content.php on line 51
[04-Apr-2024 10:15:13 UTC] PHP Warning:  Undefined property: stdClass::$track_conversions_retention in C:\xampp\htdocs\ogpop-live\themes\altum\views\partials\plans_plan_content.php on line 53
[04-Apr-2024 10:15:13 UTC] PHP Warning:  Undefined property: stdClass::$display_index_latest_blog_posts in C:\xampp\htdocs\ogpop-live\app\controllers\Index.php on line 66
[04-Apr-2024 10:23:55 UTC] PHP Warning:  Undefined property: stdClass::$color in C:\xampp\htdocs\ogpop-live\themes\altum\views\partials\plans.php on line 55
[04-Apr-2024 10:23:55 UTC] PHP Warning:  Undefined property: stdClass::$price in C:\xampp\htdocs\ogpop-live\themes\altum\views\partials\plans.php on line 68
[04-Apr-2024 10:23:55 UTC] PHP Warning:  Undefined property: stdClass::$description in C:\xampp\htdocs\ogpop-live\themes\altum\views\partials\plans.php on line 71
[04-Apr-2024 10:23:55 UTC] PHP Warning:  Undefined property: stdClass::$track_notifications_retention in C:\xampp\htdocs\ogpop-live\themes\altum\views\partials\plans_plan_content.php on line 45
[04-Apr-2024 10:23:55 UTC] PHP Warning:  Undefined property: stdClass::$track_notifications_retention in C:\xampp\htdocs\ogpop-live\themes\altum\views\partials\plans_plan_content.php on line 45
[04-Apr-2024 10:23:55 UTC] PHP Warning:  Undefined property: stdClass::$track_notifications_retention in C:\xampp\htdocs\ogpop-live\themes\altum\views\partials\plans_plan_content.php on line 47
[04-Apr-2024 10:23:55 UTC] PHP Warning:  Undefined property: stdClass::$track_conversions_retention in C:\xampp\htdocs\ogpop-live\themes\altum\views\partials\plans_plan_content.php on line 51
[04-Apr-2024 10:23:55 UTC] PHP Warning:  Undefined property: stdClass::$track_conversions_retention in C:\xampp\htdocs\ogpop-live\themes\altum\views\partials\plans_plan_content.php on line 51
[04-Apr-2024 10:23:55 UTC] PHP Warning:  Undefined property: stdClass::$track_conversions_retention in C:\xampp\htdocs\ogpop-live\themes\altum\views\partials\plans_plan_content.php on line 53
[04-Apr-2024 10:23:55 UTC] PHP Warning:  Undefined property: stdClass::$display_index_latest_blog_posts in C:\xampp\htdocs\ogpop-live\app\controllers\Index.php on line 66
[04-Apr-2024 10:23:58 UTC] PHP Warning:  Undefined property: stdClass::$color in C:\xampp\htdocs\ogpop-live\themes\altum\views\partials\plans.php on line 55
[04-Apr-2024 10:23:58 UTC] PHP Warning:  Undefined property: stdClass::$price in C:\xampp\htdocs\ogpop-live\themes\altum\views\partials\plans.php on line 68
[04-Apr-2024 10:23:58 UTC] PHP Warning:  Undefined property: stdClass::$description in C:\xampp\htdocs\ogpop-live\themes\altum\views\partials\plans.php on line 71
[04-Apr-2024 10:23:58 UTC] PHP Warning:  Undefined property: stdClass::$track_notifications_retention in C:\xampp\htdocs\ogpop-live\themes\altum\views\partials\plans_plan_content.php on line 45
[04-Apr-2024 10:23:58 UTC] PHP Warning:  Undefined property: stdClass::$track_notifications_retention in C:\xampp\htdocs\ogpop-live\themes\altum\views\partials\plans_plan_content.php on line 45
[04-Apr-2024 10:23:58 UTC] PHP Warning:  Undefined property: stdClass::$track_notifications_retention in C:\xampp\htdocs\ogpop-live\themes\altum\views\partials\plans_plan_content.php on line 47
[04-Apr-2024 10:23:58 UTC] PHP Warning:  Undefined property: stdClass::$track_conversions_retention in C:\xampp\htdocs\ogpop-live\themes\altum\views\partials\plans_plan_content.php on line 51
[04-Apr-2024 10:23:58 UTC] PHP Warning:  Undefined property: stdClass::$track_conversions_retention in C:\xampp\htdocs\ogpop-live\themes\altum\views\partials\plans_plan_content.php on line 51
[04-Apr-2024 10:23:58 UTC] PHP Warning:  Undefined property: stdClass::$track_conversions_retention in C:\xampp\htdocs\ogpop-live\themes\altum\views\partials\plans_plan_content.php on line 53
[04-Apr-2024 10:23:58 UTC] PHP Warning:  Undefined property: stdClass::$display_index_latest_blog_posts in C:\xampp\htdocs\ogpop-live\app\controllers\Index.php on line 66
[04-Apr-2024 10:27:27 UTC] PHP Warning:  Undefined property: stdClass::$color in C:\xampp\htdocs\ogpop-live\themes\altum\views\partials\plans.php on line 55
[04-Apr-2024 10:27:27 UTC] PHP Warning:  Undefined property: stdClass::$price in C:\xampp\htdocs\ogpop-live\themes\altum\views\partials\plans.php on line 68
[04-Apr-2024 10:27:27 UTC] PHP Warning:  Undefined property: stdClass::$description in C:\xampp\htdocs\ogpop-live\themes\altum\views\partials\plans.php on line 71
[04-Apr-2024 10:27:27 UTC] PHP Warning:  Undefined property: stdClass::$track_notifications_retention in C:\xampp\htdocs\ogpop-live\themes\altum\views\partials\plans_plan_content.php on line 45
[04-Apr-2024 10:27:27 UTC] PHP Warning:  Undefined property: stdClass::$track_notifications_retention in C:\xampp\htdocs\ogpop-live\themes\altum\views\partials\plans_plan_content.php on line 45
[04-Apr-2024 10:27:27 UTC] PHP Warning:  Undefined property: stdClass::$track_notifications_retention in C:\xampp\htdocs\ogpop-live\themes\altum\views\partials\plans_plan_content.php on line 47
[04-Apr-2024 10:27:27 UTC] PHP Warning:  Undefined property: stdClass::$track_conversions_retention in C:\xampp\htdocs\ogpop-live\themes\altum\views\partials\plans_plan_content.php on line 51
[04-Apr-2024 10:27:27 UTC] PHP Warning:  Undefined property: stdClass::$track_conversions_retention in C:\xampp\htdocs\ogpop-live\themes\altum\views\partials\plans_plan_content.php on line 51
[04-Apr-2024 10:27:27 UTC] PHP Warning:  Undefined property: stdClass::$track_conversions_retention in C:\xampp\htdocs\ogpop-live\themes\altum\views\partials\plans_plan_content.php on line 53
[04-Apr-2024 10:27:27 UTC] PHP Warning:  Undefined property: stdClass::$display_index_latest_blog_posts in C:\xampp\htdocs\ogpop-live\app\controllers\Index.php on line 66
[04-Apr-2024 16:02:54 UTC] PHP Warning:  Undefined property: stdClass::$color in C:\xampp\htdocs\ogpop-live\themes\altum\views\partials\plans.php on line 55
[04-Apr-2024 16:02:54 UTC] PHP Warning:  Undefined property: stdClass::$price in C:\xampp\htdocs\ogpop-live\themes\altum\views\partials\plans.php on line 68
[04-Apr-2024 16:02:54 UTC] PHP Warning:  Undefined property: stdClass::$description in C:\xampp\htdocs\ogpop-live\themes\altum\views\partials\plans.php on line 71
[04-Apr-2024 16:02:54 UTC] PHP Warning:  Undefined property: stdClass::$track_notifications_retention in C:\xampp\htdocs\ogpop-live\themes\altum\views\partials\plans_plan_content.php on line 45
[04-Apr-2024 16:02:54 UTC] PHP Warning:  Undefined property: stdClass::$track_notifications_retention in C:\xampp\htdocs\ogpop-live\themes\altum\views\partials\plans_plan_content.php on line 45
[04-Apr-2024 16:02:54 UTC] PHP Warning:  Undefined property: stdClass::$track_notifications_retention in C:\xampp\htdocs\ogpop-live\themes\altum\views\partials\plans_plan_content.php on line 47
[04-Apr-2024 16:02:54 UTC] PHP Warning:  Undefined property: stdClass::$track_conversions_retention in C:\xampp\htdocs\ogpop-live\themes\altum\views\partials\plans_plan_content.php on line 51
[04-Apr-2024 16:02:54 UTC] PHP Warning:  Undefined property: stdClass::$track_conversions_retention in C:\xampp\htdocs\ogpop-live\themes\altum\views\partials\plans_plan_content.php on line 51
[04-Apr-2024 16:02:54 UTC] PHP Warning:  Undefined property: stdClass::$track_conversions_retention in C:\xampp\htdocs\ogpop-live\themes\altum\views\partials\plans_plan_content.php on line 53
[04-Apr-2024 16:02:54 UTC] PHP Warning:  Undefined property: stdClass::$display_index_latest_blog_posts in C:\xampp\htdocs\ogpop-live\app\controllers\Index.php on line 66
[04-Apr-2024 16:06:47 UTC] PHP Warning:  Undefined property: stdClass::$color in C:\xampp\htdocs\ogpop-live\themes\altum\views\partials\plans.php on line 55
[04-Apr-2024 16:06:47 UTC] PHP Warning:  Undefined property: stdClass::$price in C:\xampp\htdocs\ogpop-live\themes\altum\views\partials\plans.php on line 68
[04-Apr-2024 16:06:47 UTC] PHP Warning:  Undefined property: stdClass::$description in C:\xampp\htdocs\ogpop-live\themes\altum\views\partials\plans.php on line 71
[04-Apr-2024 16:06:47 UTC] PHP Warning:  Undefined property: stdClass::$track_notifications_retention in C:\xampp\htdocs\ogpop-live\themes\altum\views\partials\plans_plan_content.php on line 45
[04-Apr-2024 16:06:47 UTC] PHP Warning:  Undefined property: stdClass::$track_notifications_retention in C:\xampp\htdocs\ogpop-live\themes\altum\views\partials\plans_plan_content.php on line 45
[04-Apr-2024 16:06:47 UTC] PHP Warning:  Undefined property: stdClass::$track_notifications_retention in C:\xampp\htdocs\ogpop-live\themes\altum\views\partials\plans_plan_content.php on line 47
[04-Apr-2024 16:06:47 UTC] PHP Warning:  Undefined property: stdClass::$track_conversions_retention in C:\xampp\htdocs\ogpop-live\themes\altum\views\partials\plans_plan_content.php on line 51
[04-Apr-2024 16:06:47 UTC] PHP Warning:  Undefined property: stdClass::$track_conversions_retention in C:\xampp\htdocs\ogpop-live\themes\altum\views\partials\plans_plan_content.php on line 51
[04-Apr-2024 16:06:47 UTC] PHP Warning:  Undefined property: stdClass::$track_conversions_retention in C:\xampp\htdocs\ogpop-live\themes\altum\views\partials\plans_plan_content.php on line 53
[04-Apr-2024 16:06:47 UTC] PHP Warning:  Undefined property: stdClass::$display_index_latest_blog_posts in C:\xampp\htdocs\ogpop-live\app\controllers\Index.php on line 66
[04-Apr-2024 17:02:52 UTC] PHP Warning:  Undefined property: stdClass::$color in C:\xampp\htdocs\ogpop-live\themes\altum\views\partials\plans.php on line 55
[04-Apr-2024 17:02:52 UTC] PHP Warning:  Undefined property: stdClass::$price in C:\xampp\htdocs\ogpop-live\themes\altum\views\partials\plans.php on line 68
[04-Apr-2024 17:02:52 UTC] PHP Warning:  Undefined property: stdClass::$description in C:\xampp\htdocs\ogpop-live\themes\altum\views\partials\plans.php on line 71
[04-Apr-2024 17:02:52 UTC] PHP Warning:  Undefined property: stdClass::$track_notifications_retention in C:\xampp\htdocs\ogpop-live\themes\altum\views\partials\plans_plan_content.php on line 45
[04-Apr-2024 17:02:52 UTC] PHP Warning:  Undefined property: stdClass::$track_notifications_retention in C:\xampp\htdocs\ogpop-live\themes\altum\views\partials\plans_plan_content.php on line 45
[04-Apr-2024 17:02:52 UTC] PHP Warning:  Undefined property: stdClass::$track_notifications_retention in C:\xampp\htdocs\ogpop-live\themes\altum\views\partials\plans_plan_content.php on line 47
[04-Apr-2024 17:02:52 UTC] PHP Warning:  Undefined property: stdClass::$track_conversions_retention in C:\xampp\htdocs\ogpop-live\themes\altum\views\partials\plans_plan_content.php on line 51
[04-Apr-2024 17:02:52 UTC] PHP Warning:  Undefined property: stdClass::$track_conversions_retention in C:\xampp\htdocs\ogpop-live\themes\altum\views\partials\plans_plan_content.php on line 51
[04-Apr-2024 17:02:52 UTC] PHP Warning:  Undefined property: stdClass::$track_conversions_retention in C:\xampp\htdocs\ogpop-live\themes\altum\views\partials\plans_plan_content.php on line 53
[04-Apr-2024 17:02:52 UTC] PHP Warning:  Undefined property: stdClass::$display_index_latest_blog_posts in C:\xampp\htdocs\ogpop-live\app\controllers\Index.php on line 66
[04-Apr-2024 17:28:16 UTC] PHP Warning:  Undefined property: stdClass::$color in C:\xampp\htdocs\ogpop-live\themes\altum\views\partials\plans.php on line 55
[04-Apr-2024 17:28:16 UTC] PHP Warning:  Undefined property: stdClass::$price in C:\xampp\htdocs\ogpop-live\themes\altum\views\partials\plans.php on line 68
[04-Apr-2024 17:28:16 UTC] PHP Warning:  Undefined property: stdClass::$description in C:\xampp\htdocs\ogpop-live\themes\altum\views\partials\plans.php on line 71
[04-Apr-2024 17:28:16 UTC] PHP Warning:  Undefined property: stdClass::$track_notifications_retention in C:\xampp\htdocs\ogpop-live\themes\altum\views\partials\plans_plan_content.php on line 45
[04-Apr-2024 17:28:16 UTC] PHP Warning:  Undefined property: stdClass::$track_notifications_retention in C:\xampp\htdocs\ogpop-live\themes\altum\views\partials\plans_plan_content.php on line 45
[04-Apr-2024 17:28:16 UTC] PHP Warning:  Undefined property: stdClass::$track_notifications_retention in C:\xampp\htdocs\ogpop-live\themes\altum\views\partials\plans_plan_content.php on line 47
[04-Apr-2024 17:28:16 UTC] PHP Warning:  Undefined property: stdClass::$track_conversions_retention in C:\xampp\htdocs\ogpop-live\themes\altum\views\partials\plans_plan_content.php on line 51
[04-Apr-2024 17:28:16 UTC] PHP Warning:  Undefined property: stdClass::$track_conversions_retention in C:\xampp\htdocs\ogpop-live\themes\altum\views\partials\plans_plan_content.php on line 51
[04-Apr-2024 17:28:16 UTC] PHP Warning:  Undefined property: stdClass::$track_conversions_retention in C:\xampp\htdocs\ogpop-live\themes\altum\views\partials\plans_plan_content.php on line 53
[04-Apr-2024 17:28:16 UTC] PHP Warning:  Undefined property: stdClass::$display_index_latest_blog_posts in C:\xampp\htdocs\ogpop-live\app\controllers\Index.php on line 66
[04-Apr-2024 17:28:34 UTC] PHP Warning:  Undefined property: stdClass::$track_conversions_retention in C:\xampp\htdocs\ogpop-live\themes\altum\views\partials\plan_features.php on line 59
[04-Apr-2024 17:28:34 UTC] PHP Warning:  Undefined property: stdClass::$track_conversions_retention in C:\xampp\htdocs\ogpop-live\themes\altum\views\partials\plan_features.php on line 60
[04-Apr-2024 17:28:34 UTC] PHP Warning:  Undefined property: stdClass::$track_conversions_retention in C:\xampp\htdocs\ogpop-live\themes\altum\views\partials\plan_features.php on line 61
[04-Apr-2024 17:28:34 UTC] PHP Warning:  Undefined property: stdClass::$track_conversions_retention in C:\xampp\htdocs\ogpop-live\themes\altum\views\partials\plan_features.php on line 61
[04-Apr-2024 17:29:03 UTC] PHP Fatal error:  Uncaught Exception: Table 'studyrag_ogpop.plans' doesn't exist query: SELECT  * FROM plans ORDER BY `order` ASC  in C:\xampp\htdocs\ogpop-live\app\helpers\MysqliDb.php:2010
Stack trace:
#0 C:\xampp\htdocs\ogpop-live\app\helpers\MysqliDb.php(1598): Altum\Helpers\MysqliDb->_prepareQuery()
#1 C:\xampp\htdocs\ogpop-live\app\helpers\MysqliDb.php(747): Altum\Helpers\MysqliDb->_buildQuery(NULL)
#2 C:\xampp\htdocs\ogpop-live\app\controllers\admin\AdminPlans.php(19): Altum\Helpers\MysqliDb->get('plans')
#3 [internal function]: Altum\Controllers\AdminPlans->index()
#4 C:\xampp\htdocs\ogpop-live\app\core\App.php(225): call_user_func_array(Array, Array)
#5 C:\xampp\htdocs\ogpop-live\index.php(20): Altum\App->__construct()
#6 {main}
  thrown in C:\xampp\htdocs\ogpop-live\app\helpers\MysqliDb.php on line 2010
[04-Apr-2024 17:29:47 UTC] PHP Fatal error:  Uncaught Exception: Table 'studyrag_ogpop.plans' doesn't exist query: SELECT  * FROM plans ORDER BY `order` ASC  in C:\xampp\htdocs\ogpop-live\app\helpers\MysqliDb.php:2010
Stack trace:
#0 C:\xampp\htdocs\ogpop-live\app\helpers\MysqliDb.php(1598): Altum\Helpers\MysqliDb->_prepareQuery()
#1 C:\xampp\htdocs\ogpop-live\app\helpers\MysqliDb.php(747): Altum\Helpers\MysqliDb->_buildQuery(NULL)
#2 C:\xampp\htdocs\ogpop-live\app\controllers\admin\AdminPlans.php(19): Altum\Helpers\MysqliDb->get('plans')
#3 [internal function]: Altum\Controllers\AdminPlans->index()
#4 C:\xampp\htdocs\ogpop-live\app\core\App.php(225): call_user_func_array(Array, Array)
#5 C:\xampp\htdocs\ogpop-live\index.php(20): Altum\App->__construct()
#6 {main}
  thrown in C:\xampp\htdocs\ogpop-live\app\helpers\MysqliDb.php on line 2010
[04-Apr-2024 17:29:52 UTC] PHP Fatal error:  Uncaught Exception: Table 'studyrag_ogpop.plans' doesn't exist query: SELECT  * FROM plans ORDER BY `order` ASC  in C:\xampp\htdocs\ogpop-live\app\helpers\MysqliDb.php:2010
Stack trace:
#0 C:\xampp\htdocs\ogpop-live\app\helpers\MysqliDb.php(1598): Altum\Helpers\MysqliDb->_prepareQuery()
#1 C:\xampp\htdocs\ogpop-live\app\helpers\MysqliDb.php(747): Altum\Helpers\MysqliDb->_buildQuery(NULL)
#2 C:\xampp\htdocs\ogpop-live\app\controllers\admin\AdminPlans.php(19): Altum\Helpers\MysqliDb->get('plans')
#3 [internal function]: Altum\Controllers\AdminPlans->index()
#4 C:\xampp\htdocs\ogpop-live\app\core\App.php(225): call_user_func_array(Array, Array)
#5 C:\xampp\htdocs\ogpop-live\index.php(20): Altum\App->__construct()
#6 {main}
  thrown in C:\xampp\htdocs\ogpop-live\app\helpers\MysqliDb.php on line 2010
[04-Apr-2024 17:31:27 UTC] PHP Fatal error:  Uncaught Error: Call to a member function fetch_object() on bool in C:\xampp\htdocs\ogpop-live\app\controllers\admin\AdminPages.php:24
Stack trace:
#0 [internal function]: Altum\Controllers\AdminPages->index()
#1 C:\xampp\htdocs\ogpop-live\app\core\App.php(225): call_user_func_array(Array, Array)
#2 C:\xampp\htdocs\ogpop-live\index.php(20): Altum\App->__construct()
#3 {main}
  thrown in C:\xampp\htdocs\ogpop-live\app\controllers\admin\AdminPages.php on line 24
[04-Apr-2024 17:31:52 UTC] PHP Warning:  Undefined property: stdClass::$track_conversions_retention in C:\xampp\htdocs\ogpop-live\themes\altum\views\partials\plan_features.php on line 59
[04-Apr-2024 17:31:52 UTC] PHP Warning:  Undefined property: stdClass::$track_conversions_retention in C:\xampp\htdocs\ogpop-live\themes\altum\views\partials\plan_features.php on line 60
[04-Apr-2024 17:31:52 UTC] PHP Warning:  Undefined property: stdClass::$track_conversions_retention in C:\xampp\htdocs\ogpop-live\themes\altum\views\partials\plan_features.php on line 61
[04-Apr-2024 17:31:52 UTC] PHP Warning:  Undefined property: stdClass::$track_conversions_retention in C:\xampp\htdocs\ogpop-live\themes\altum\views\partials\plan_features.php on line 61
[04-Apr-2024 17:32:10 UTC] PHP Warning:  Attempt to read property "type" on null in C:\xampp\htdocs\ogpop-live\themes\altum\views\account\index.php on line 101
[04-Apr-2024 17:32:10 UTC] PHP Warning:  Attempt to read property "type" on null in C:\xampp\htdocs\ogpop-live\themes\altum\views\account\index.php on line 102
[04-Apr-2024 17:32:10 UTC] PHP Warning:  Attempt to read property "type" on null in C:\xampp\htdocs\ogpop-live\themes\altum\views\account\index.php on line 108
[04-Apr-2024 17:32:10 UTC] PHP Warning:  Attempt to read property "type" on null in C:\xampp\htdocs\ogpop-live\themes\altum\views\account\index.php on line 109
[04-Apr-2024 17:32:10 UTC] PHP Warning:  Attempt to read property "name" on null in C:\xampp\htdocs\ogpop-live\themes\altum\views\account\index.php on line 120
[04-Apr-2024 17:32:10 UTC] PHP Warning:  Attempt to read property "address" on null in C:\xampp\htdocs\ogpop-live\themes\altum\views\account\index.php on line 127
[04-Apr-2024 17:32:10 UTC] PHP Warning:  Attempt to read property "city" on null in C:\xampp\htdocs\ogpop-live\themes\altum\views\account\index.php on line 134
[04-Apr-2024 17:32:10 UTC] PHP Warning:  Attempt to read property "county" on null in C:\xampp\htdocs\ogpop-live\themes\altum\views\account\index.php on line 141
[04-Apr-2024 17:32:10 UTC] PHP Warning:  Attempt to read property "zip" on null in C:\xampp\htdocs\ogpop-live\themes\altum\views\account\index.php on line 148
[04-Apr-2024 17:32:10 UTC] PHP Warning:  Attempt to read property "country" on null in C:\xampp\htdocs\ogpop-live\themes\altum\views\account\index.php on line 157
[04-Apr-2024 17:32:10 UTC] PHP Warning:  Attempt to read property "country" on null in C:\xampp\htdocs\ogpop-live\themes\altum\views\account\index.php on line 157
[04-Apr-2024 17:32:10 UTC] PHP Warning:  Attempt to read property "country" on null in C:\xampp\htdocs\ogpop-live\themes\altum\views\account\index.php on line 157
[04-Apr-2024 17:32:10 UTC] PHP Warning:  Attempt to read property "country" on null in C:\xampp\htdocs\ogpop-live\themes\altum\views\account\index.php on line 157
[04-Apr-2024 17:32:10 UTC] PHP Warning:  Attempt to read property "country" on null in C:\xampp\htdocs\ogpop-live\themes\altum\views\account\index.php on line 157
[04-Apr-2024 17:32:10 UTC] PHP Warning:  Attempt to read property "country" on null in C:\xampp\htdocs\ogpop-live\themes\altum\views\account\index.php on line 157
[04-Apr-2024 17:32:10 UTC] PHP Warning:  Attempt to read property "country" on null in C:\xampp\htdocs\ogpop-live\themes\altum\views\account\index.php on line 157
[04-Apr-2024 17:32:10 UTC] PHP Warning:  Attempt to read property "country" on null in C:\xampp\htdocs\ogpop-live\themes\altum\views\account\index.php on line 157
[04-Apr-2024 17:32:10 UTC] PHP Warning:  Attempt to read property "country" on null in C:\xampp\htdocs\ogpop-live\themes\altum\views\account\index.php on line 157
[04-Apr-2024 17:32:10 UTC] PHP Warning:  Attempt to read property "country" on null in C:\xampp\htdocs\ogpop-live\themes\altum\views\account\index.php on line 157
[04-Apr-2024 17:32:10 UTC] PHP Warning:  Attempt to read property "country" on null in C:\xampp\htdocs\ogpop-live\themes\altum\views\account\index.php on line 157
[04-Apr-2024 17:32:10 UTC] PHP Warning:  Attempt to read property "country" on null in C:\xampp\htdocs\ogpop-live\themes\altum\views\account\index.php on line 157
[04-Apr-2024 17:32:10 UTC] PHP Warning:  Attempt to read property "country" on null in C:\xampp\htdocs\ogpop-live\themes\altum\views\account\index.php on line 157
[04-Apr-2024 17:32:10 UTC] PHP Warning:  Attempt to read property "country" on null in C:\xampp\htdocs\ogpop-live\themes\altum\views\account\index.php on line 157
[04-Apr-2024 17:32:10 UTC] PHP Warning:  Attempt to read property "country" on null in C:\xampp\htdocs\ogpop-live\themes\altum\views\account\index.php on line 157
[04-Apr-2024 17:32:10 UTC] PHP Warning:  Attempt to read property "country" on null in C:\xampp\htdocs\ogpop-live\themes\altum\views\account\index.php on line 157
[04-Apr-2024 17:32:10 UTC] PHP Warning:  Attempt to read property "country" on null in C:\xampp\htdocs\ogpop-live\themes\altum\views\account\index.php on line 157
[04-Apr-2024 17:32:10 UTC] PHP Warning:  Attempt to read property "country" on null in C:\xampp\htdocs\ogpop-live\themes\altum\views\account\index.php on line 157
[04-Apr-2024 17:32:10 UTC] PHP Warning:  Attempt to read property "country" on null in C:\xampp\htdocs\ogpop-live\themes\altum\views\account\index.php on line 157
[04-Apr-2024 17:32:10 UTC] PHP Warning:  Attempt to read property "country" on null in C:\xampp\htdocs\ogpop-live\themes\altum\views\account\index.php on line 157
[04-Apr-2024 17:32:10 UTC] PHP Warning:  Attempt to read property "country" on null in C:\xampp\htdocs\ogpop-live\themes\altum\views\account\index.php on line 157
[04-Apr-2024 17:32:10 UTC] PHP Warning:  Attempt to read property "country" on null in C:\xampp\htdocs\ogpop-live\themes\altum\views\account\index.php on line 157
[04-Apr-2024 17:32:10 UTC] PHP Warning:  Attempt to read property "country" on null in C:\xampp\htdocs\ogpop-live\themes\altum\views\account\index.php on line 157
[04-Apr-2024 17:32:10 UTC] PHP Warning:  Attempt to read property "country" on null in C:\xampp\htdocs\ogpop-live\themes\altum\views\account\index.php on line 157
[04-Apr-2024 17:32:10 UTC] PHP Warning:  Attempt to read property "country" on null in C:\xampp\htdocs\ogpop-live\themes\altum\views\account\index.php on line 157
[04-Apr-2024 17:32:10 UTC] PHP Warning:  Attempt to read property "country" on null in C:\xampp\htdocs\ogpop-live\themes\altum\views\account\index.php on line 157
[04-Apr-2024 17:32:10 UTC] PHP Warning:  Attempt to read property "country" on null in C:\xampp\htdocs\ogpop-live\themes\altum\views\account\index.php on line 157
[04-Apr-2024 17:32:10 UTC] PHP Warning:  Attempt to read property "country" on null in C:\xampp\htdocs\ogpop-live\themes\altum\views\account\index.php on line 157
[04-Apr-2024 17:32:10 UTC] PHP Warning:  Attempt to read property "country" on null in C:\xampp\htdocs\ogpop-live\themes\altum\views\account\index.php on line 157
[04-Apr-2024 17:32:10 UTC] PHP Warning:  Attempt to read property "country" on null in C:\xampp\htdocs\ogpop-live\themes\altum\views\account\index.php on line 157
[04-Apr-2024 17:32:10 UTC] PHP Warning:  Attempt to read property "country" on null in C:\xampp\htdocs\ogpop-live\themes\altum\views\account\index.php on line 157
[04-Apr-2024 17:32:10 UTC] PHP Warning:  Attempt to read property "country" on null in C:\xampp\htdocs\ogpop-live\themes\altum\views\account\index.php on line 157
[04-Apr-2024 17:32:10 UTC] PHP Warning:  Attempt to read property "country" on null in C:\xampp\htdocs\ogpop-live\themes\altum\views\account\index.php on line 157
[04-Apr-2024 17:32:10 UTC] PHP Warning:  Attempt to read property "country" on null in C:\xampp\htdocs\ogpop-live\themes\altum\views\account\index.php on line 157
[04-Apr-2024 17:32:10 UTC] PHP Warning:  Attempt to read property "country" on null in C:\xampp\htdocs\ogpop-live\themes\altum\views\account\index.php on line 157
[04-Apr-2024 17:32:10 UTC] PHP Warning:  Attempt to read property "country" on null in C:\xampp\htdocs\ogpop-live\themes\altum\views\account\index.php on line 157
[04-Apr-2024 17:32:10 UTC] PHP Warning:  Attempt to read property "country" on null in C:\xampp\htdocs\ogpop-live\themes\altum\views\account\index.php on line 157
[04-Apr-2024 17:32:10 UTC] PHP Warning:  Attempt to read property "country" on null in C:\xampp\htdocs\ogpop-live\themes\altum\views\account\index.php on line 157
[04-Apr-2024 17:32:10 UTC] PHP Warning:  Attempt to read property "country" on null in C:\xampp\htdocs\ogpop-live\themes\altum\views\account\index.php on line 157
[04-Apr-2024 17:32:10 UTC] PHP Warning:  Attempt to read property "country" on null in C:\xampp\htdocs\ogpop-live\themes\altum\views\account\index.php on line 157
[04-Apr-2024 17:32:10 UTC] PHP Warning:  Attempt to read property "country" on null in C:\xampp\htdocs\ogpop-live\themes\altum\views\account\index.php on line 157
[04-Apr-2024 17:32:10 UTC] PHP Warning:  Attempt to read property "country" on null in C:\xampp\htdocs\ogpop-live\themes\altum\views\account\index.php on line 157
[04-Apr-2024 17:32:10 UTC] PHP Warning:  Attempt to read property "country" on null in C:\xampp\htdocs\ogpop-live\themes\altum\views\account\index.php on line 157
[04-Apr-2024 17:32:10 UTC] PHP Warning:  Attempt to read property "country" on null in C:\xampp\htdocs\ogpop-live\themes\altum\views\account\index.php on line 157
[04-Apr-2024 17:32:10 UTC] PHP Warning:  Attempt to read property "country" on null in C:\xampp\htdocs\ogpop-live\themes\altum\views\account\index.php on line 157
[04-Apr-2024 17:32:10 UTC] PHP Warning:  Attempt to read property "country" on null in C:\xampp\htdocs\ogpop-live\themes\altum\views\account\index.php on line 157
[04-Apr-2024 17:32:10 UTC] PHP Warning:  Attempt to read property "country" on null in C:\xampp\htdocs\ogpop-live\themes\altum\views\account\index.php on line 157
[04-Apr-2024 17:32:10 UTC] PHP Warning:  Attempt to read property "country" on null in C:\xampp\htdocs\ogpop-live\themes\altum\views\account\index.php on line 157
[04-Apr-2024 17:32:10 UTC] PHP Warning:  Attempt to read property "country" on null in C:\xampp\htdocs\ogpop-live\themes\altum\views\account\index.php on line 157
[04-Apr-2024 17:32:10 UTC] PHP Warning:  Attempt to read property "country" on null in C:\xampp\htdocs\ogpop-live\themes\altum\views\account\index.php on line 157
[04-Apr-2024 17:32:10 UTC] PHP Warning:  Attempt to read property "country" on null in C:\xampp\htdocs\ogpop-live\themes\altum\views\account\index.php on line 157
[04-Apr-2024 17:32:10 UTC] PHP Warning:  Attempt to read property "country" on null in C:\xampp\htdocs\ogpop-live\themes\altum\views\account\index.php on line 157
[04-Apr-2024 17:32:10 UTC] PHP Warning:  Attempt to read property "country" on null in C:\xampp\htdocs\ogpop-live\themes\altum\views\account\index.php on line 157
[04-Apr-2024 17:32:10 UTC] PHP Warning:  Attempt to read property "country" on null in C:\xampp\htdocs\ogpop-live\themes\altum\views\account\index.php on line 157
[04-Apr-2024 17:32:10 UTC] PHP Warning:  Attempt to read property "country" on null in C:\xampp\htdocs\ogpop-live\themes\altum\views\account\index.php on line 157
[04-Apr-2024 17:32:10 UTC] PHP Warning:  Attempt to read property "country" on null in C:\xampp\htdocs\ogpop-live\themes\altum\views\account\index.php on line 157
[04-Apr-2024 17:32:10 UTC] PHP Warning:  Attempt to read property "country" on null in C:\xampp\htdocs\ogpop-live\themes\altum\views\account\index.php on line 157
[04-Apr-2024 17:32:10 UTC] PHP Warning:  Attempt to read property "country" on null in C:\xampp\htdocs\ogpop-live\themes\altum\views\account\index.php on line 157
[04-Apr-2024 17:32:10 UTC] PHP Warning:  Attempt to read property "country" on null in C:\xampp\htdocs\ogpop-live\themes\altum\views\account\index.php on line 157
[04-Apr-2024 17:32:10 UTC] PHP Warning:  Attempt to read property "country" on null in C:\xampp\htdocs\ogpop-live\themes\altum\views\account\index.php on line 157
[04-Apr-2024 17:32:10 UTC] PHP Warning:  Attempt to read property "country" on null in C:\xampp\htdocs\ogpop-live\themes\altum\views\account\index.php on line 157
[04-Apr-2024 17:32:10 UTC] PHP Warning:  Attempt to read property "country" on null in C:\xampp\htdocs\ogpop-live\themes\altum\views\account\index.php on line 157
[04-Apr-2024 17:32:10 UTC] PHP Warning:  Attempt to read property "country" on null in C:\xampp\htdocs\ogpop-live\themes\altum\views\account\index.php on line 157
[04-Apr-2024 17:32:10 UTC] PHP Warning:  Attempt to read property "country" on null in C:\xampp\htdocs\ogpop-live\themes\altum\views\account\index.php on line 157
[04-Apr-2024 17:32:10 UTC] PHP Warning:  Attempt to read property "country" on null in C:\xampp\htdocs\ogpop-live\themes\altum\views\account\index.php on line 157
[04-Apr-2024 17:32:10 UTC] PHP Warning:  Attempt to read property "country" on null in C:\xampp\htdocs\ogpop-live\themes\altum\views\account\index.php on line 157
[04-Apr-2024 17:32:10 UTC] PHP Warning:  Attempt to read property "country" on null in C:\xampp\htdocs\ogpop-live\themes\altum\views\account\index.php on line 157
[04-Apr-2024 17:32:10 UTC] PHP Warning:  Attempt to read property "country" on null in C:\xampp\htdocs\ogpop-live\themes\altum\views\account\index.php on line 157
[04-Apr-2024 17:32:10 UTC] PHP Warning:  Attempt to read property "country" on null in C:\xampp\htdocs\ogpop-live\themes\altum\views\account\index.php on line 157
[04-Apr-2024 17:32:10 UTC] PHP Warning:  Attempt to read property "country" on null in C:\xampp\htdocs\ogpop-live\themes\altum\views\account\index.php on line 157
[04-Apr-2024 17:32:10 UTC] PHP Warning:  Attempt to read property "country" on null in C:\xampp\htdocs\ogpop-live\themes\altum\views\account\index.php on line 157
[04-Apr-2024 17:32:10 UTC] PHP Warning:  Attempt to read property "country" on null in C:\xampp\htdocs\ogpop-live\themes\altum\views\account\index.php on line 157
[04-Apr-2024 17:32:10 UTC] PHP Warning:  Attempt to read property "country" on null in C:\xampp\htdocs\ogpop-live\themes\altum\views\account\index.php on line 157
[04-Apr-2024 17:32:10 UTC] PHP Warning:  Attempt to read property "country" on null in C:\xampp\htdocs\ogpop-live\themes\altum\views\account\index.php on line 157
[04-Apr-2024 17:32:10 UTC] PHP Warning:  Attempt to read property "country" on null in C:\xampp\htdocs\ogpop-live\themes\altum\views\account\index.php on line 157
[04-Apr-2024 17:32:10 UTC] PHP Warning:  Attempt to read property "country" on null in C:\xampp\htdocs\ogpop-live\themes\altum\views\account\index.php on line 157
[04-Apr-2024 17:32:10 UTC] PHP Warning:  Attempt to read property "country" on null in C:\xampp\htdocs\ogpop-live\themes\altum\views\account\index.php on line 157
[04-Apr-2024 17:32:10 UTC] PHP Warning:  Attempt to read property "country" on null in C:\xampp\htdocs\ogpop-live\themes\altum\views\account\index.php on line 157
[04-Apr-2024 17:32:10 UTC] PHP Warning:  Attempt to read property "country" on null in C:\xampp\htdocs\ogpop-live\themes\altum\views\account\index.php on line 157
[04-Apr-2024 17:32:10 UTC] PHP Warning:  Attempt to read property "country" on null in C:\xampp\htdocs\ogpop-live\themes\altum\views\account\index.php on line 157
[04-Apr-2024 17:32:10 UTC] PHP Warning:  Attempt to read property "country" on null in C:\xampp\htdocs\ogpop-live\themes\altum\views\account\index.php on line 157
[04-Apr-2024 17:32:10 UTC] PHP Warning:  Attempt to read property "country" on null in C:\xampp\htdocs\ogpop-live\themes\altum\views\account\index.php on line 157
[04-Apr-2024 17:32:10 UTC] PHP Warning:  Attempt to read property "country" on null in C:\xampp\htdocs\ogpop-live\themes\altum\views\account\index.php on line 157
[04-Apr-2024 17:32:10 UTC] PHP Warning:  Attempt to read property "country" on null in C:\xampp\htdocs\ogpop-live\themes\altum\views\account\index.php on line 157
[04-Apr-2024 17:32:10 UTC] PHP Warning:  Attempt to read property "country" on null in C:\xampp\htdocs\ogpop-live\themes\altum\views\account\index.php on line 157
[04-Apr-2024 17:32:10 UTC] PHP Warning:  Attempt to read property "country" on null in C:\xampp\htdocs\ogpop-live\themes\altum\views\account\index.php on line 157
[04-Apr-2024 17:32:10 UTC] PHP Warning:  Attempt to read property "country" on null in C:\xampp\htdocs\ogpop-live\themes\altum\views\account\index.php on line 157
[04-Apr-2024 17:32:10 UTC] PHP Warning:  Attempt to read property "country" on null in C:\xampp\htdocs\ogpop-live\themes\altum\views\account\index.php on line 157
[04-Apr-2024 17:32:10 UTC] PHP Warning:  Attempt to read property "country" on null in C:\xampp\htdocs\ogpop-live\themes\altum\views\account\index.php on line 157
[04-Apr-2024 17:32:10 UTC] PHP Warning:  Attempt to read property "country" on null in C:\xampp\htdocs\ogpop-live\themes\altum\views\account\index.php on line 157
[04-Apr-2024 17:32:10 UTC] PHP Warning:  Attempt to read property "country" on null in C:\xampp\htdocs\ogpop-live\themes\altum\views\account\index.php on line 157
[04-Apr-2024 17:32:10 UTC] PHP Warning:  Attempt to read property "country" on null in C:\xampp\htdocs\ogpop-live\themes\altum\views\account\index.php on line 157
[04-Apr-2024 17:32:10 UTC] PHP Warning:  Attempt to read property "country" on null in C:\xampp\htdocs\ogpop-live\themes\altum\views\account\index.php on line 157
[04-Apr-2024 17:32:10 UTC] PHP Warning:  Attempt to read property "country" on null in C:\xampp\htdocs\ogpop-live\themes\altum\views\account\index.php on line 157
[04-Apr-2024 17:32:10 UTC] PHP Warning:  Attempt to read property "country" on null in C:\xampp\htdocs\ogpop-live\themes\altum\views\account\index.php on line 157
[04-Apr-2024 17:32:10 UTC] PHP Warning:  Attempt to read property "country" on null in C:\xampp\htdocs\ogpop-live\themes\altum\views\account\index.php on line 157
[04-Apr-2024 17:32:10 UTC] PHP Warning:  Attempt to read property "country" on null in C:\xampp\htdocs\ogpop-live\themes\altum\views\account\index.php on line 157
[04-Apr-2024 17:32:10 UTC] PHP Warning:  Attempt to read property "country" on null in C:\xampp\htdocs\ogpop-live\themes\altum\views\account\index.php on line 157
[04-Apr-2024 17:32:10 UTC] PHP Warning:  Attempt to read property "country" on null in C:\xampp\htdocs\ogpop-live\themes\altum\views\account\index.php on line 157
[04-Apr-2024 17:32:10 UTC] PHP Warning:  Attempt to read property "country" on null in C:\xampp\htdocs\ogpop-live\themes\altum\views\account\index.php on line 157
[04-Apr-2024 17:32:10 UTC] PHP Warning:  Attempt to read property "country" on null in C:\xampp\htdocs\ogpop-live\themes\altum\views\account\index.php on line 157
[04-Apr-2024 17:32:10 UTC] PHP Warning:  Attempt to read property "country" on null in C:\xampp\htdocs\ogpop-live\themes\altum\views\account\index.php on line 157
[04-Apr-2024 17:32:10 UTC] PHP Warning:  Attempt to read property "country" on null in C:\xampp\htdocs\ogpop-live\themes\altum\views\account\index.php on line 157
[04-Apr-2024 17:32:10 UTC] PHP Warning:  Attempt to read property "country" on null in C:\xampp\htdocs\ogpop-live\themes\altum\views\account\index.php on line 157
[04-Apr-2024 17:32:10 UTC] PHP Warning:  Attempt to read property "country" on null in C:\xampp\htdocs\ogpop-live\themes\altum\views\account\index.php on line 157
[04-Apr-2024 17:32:10 UTC] PHP Warning:  Attempt to read property "country" on null in C:\xampp\htdocs\ogpop-live\themes\altum\views\account\index.php on line 157
[04-Apr-2024 17:32:10 UTC] PHP Warning:  Attempt to read property "country" on null in C:\xampp\htdocs\ogpop-live\themes\altum\views\account\index.php on line 157
[04-Apr-2024 17:32:10 UTC] PHP Warning:  Attempt to read property "country" on null in C:\xampp\htdocs\ogpop-live\themes\altum\views\account\index.php on line 157
[04-Apr-2024 17:32:10 UTC] PHP Warning:  Attempt to read property "country" on null in C:\xampp\htdocs\ogpop-live\themes\altum\views\account\index.php on line 157
[04-Apr-2024 17:32:10 UTC] PHP Warning:  Attempt to read property "country" on null in C:\xampp\htdocs\ogpop-live\themes\altum\views\account\index.php on line 157
[04-Apr-2024 17:32:10 UTC] PHP Warning:  Attempt to read property "country" on null in C:\xampp\htdocs\ogpop-live\themes\altum\views\account\index.php on line 157
[04-Apr-2024 17:32:10 UTC] PHP Warning:  Attempt to read property "country" on null in C:\xampp\htdocs\ogpop-live\themes\altum\views\account\index.php on line 157
[04-Apr-2024 17:32:10 UTC] PHP Warning:  Attempt to read property "country" on null in C:\xampp\htdocs\ogpop-live\themes\altum\views\account\index.php on line 157
[04-Apr-2024 17:32:10 UTC] PHP Warning:  Attempt to read property "country" on null in C:\xampp\htdocs\ogpop-live\themes\altum\views\account\index.php on line 157
[04-Apr-2024 17:32:10 UTC] PHP Warning:  Attempt to read property "country" on null in C:\xampp\htdocs\ogpop-live\themes\altum\views\account\index.php on line 157
[04-Apr-2024 17:32:10 UTC] PHP Warning:  Attempt to read property "country" on null in C:\xampp\htdocs\ogpop-live\themes\altum\views\account\index.php on line 157
[04-Apr-2024 17:32:10 UTC] PHP Warning:  Attempt to read property "country" on null in C:\xampp\htdocs\ogpop-live\themes\altum\views\account\index.php on line 157
[04-Apr-2024 17:32:10 UTC] PHP Warning:  Attempt to read property "country" on null in C:\xampp\htdocs\ogpop-live\themes\altum\views\account\index.php on line 157
[04-Apr-2024 17:32:10 UTC] PHP Warning:  Attempt to read property "country" on null in C:\xampp\htdocs\ogpop-live\themes\altum\views\account\index.php on line 157
[04-Apr-2024 17:32:10 UTC] PHP Warning:  Attempt to read property "country" on null in C:\xampp\htdocs\ogpop-live\themes\altum\views\account\index.php on line 157
[04-Apr-2024 17:32:10 UTC] PHP Warning:  Attempt to read property "country" on null in C:\xampp\htdocs\ogpop-live\themes\altum\views\account\index.php on line 157
[04-Apr-2024 17:32:10 UTC] PHP Warning:  Attempt to read property "country" on null in C:\xampp\htdocs\ogpop-live\themes\altum\views\account\index.php on line 157
[04-Apr-2024 17:32:10 UTC] PHP Warning:  Attempt to read property "country" on null in C:\xampp\htdocs\ogpop-live\themes\altum\views\account\index.php on line 157
[04-Apr-2024 17:32:10 UTC] PHP Warning:  Attempt to read property "country" on null in C:\xampp\htdocs\ogpop-live\themes\altum\views\account\index.php on line 157
[04-Apr-2024 17:32:10 UTC] PHP Warning:  Attempt to read property "country" on null in C:\xampp\htdocs\ogpop-live\themes\altum\views\account\index.php on line 157
[04-Apr-2024 17:32:10 UTC] PHP Warning:  Attempt to read property "country" on null in C:\xampp\htdocs\ogpop-live\themes\altum\views\account\index.php on line 157
[04-Apr-2024 17:32:10 UTC] PHP Warning:  Attempt to read property "country" on null in C:\xampp\htdocs\ogpop-live\themes\altum\views\account\index.php on line 157
[04-Apr-2024 17:32:10 UTC] PHP Warning:  Attempt to read property "country" on null in C:\xampp\htdocs\ogpop-live\themes\altum\views\account\index.php on line 157
[04-Apr-2024 17:32:10 UTC] PHP Warning:  Attempt to read property "country" on null in C:\xampp\htdocs\ogpop-live\themes\altum\views\account\index.php on line 157
[04-Apr-2024 17:32:10 UTC] PHP Warning:  Attempt to read property "country" on null in C:\xampp\htdocs\ogpop-live\themes\altum\views\account\index.php on line 157
[04-Apr-2024 17:32:10 UTC] PHP Warning:  Attempt to read property "country" on null in C:\xampp\htdocs\ogpop-live\themes\altum\views\account\index.php on line 157
[04-Apr-2024 17:32:10 UTC] PHP Warning:  Attempt to read property "country" on null in C:\xampp\htdocs\ogpop-live\themes\altum\views\account\index.php on line 157
[04-Apr-2024 17:32:10 UTC] PHP Warning:  Attempt to read property "country" on null in C:\xampp\htdocs\ogpop-live\themes\altum\views\account\index.php on line 157
[04-Apr-2024 17:32:10 UTC] PHP Warning:  Attempt to read property "country" on null in C:\xampp\htdocs\ogpop-live\themes\altum\views\account\index.php on line 157
[04-Apr-2024 17:32:10 UTC] PHP Warning:  Attempt to read property "country" on null in C:\xampp\htdocs\ogpop-live\themes\altum\views\account\index.php on line 157
[04-Apr-2024 17:32:10 UTC] PHP Warning:  Attempt to read property "country" on null in C:\xampp\htdocs\ogpop-live\themes\altum\views\account\index.php on line 157
[04-Apr-2024 17:32:10 UTC] PHP Warning:  Attempt to read property "country" on null in C:\xampp\htdocs\ogpop-live\themes\altum\views\account\index.php on line 157
[04-Apr-2024 17:32:10 UTC] PHP Warning:  Attempt to read property "country" on null in C:\xampp\htdocs\ogpop-live\themes\altum\views\account\index.php on line 157
[04-Apr-2024 17:32:10 UTC] PHP Warning:  Attempt to read property "country" on null in C:\xampp\htdocs\ogpop-live\themes\altum\views\account\index.php on line 157
[04-Apr-2024 17:32:10 UTC] PHP Warning:  Attempt to read property "country" on null in C:\xampp\htdocs\ogpop-live\themes\altum\views\account\index.php on line 157
[04-Apr-2024 17:32:10 UTC] PHP Warning:  Attempt to read property "country" on null in C:\xampp\htdocs\ogpop-live\themes\altum\views\account\index.php on line 157
[04-Apr-2024 17:32:10 UTC] PHP Warning:  Attempt to read property "country" on null in C:\xampp\htdocs\ogpop-live\themes\altum\views\account\index.php on line 157
[04-Apr-2024 17:32:10 UTC] PHP Warning:  Attempt to read property "country" on null in C:\xampp\htdocs\ogpop-live\themes\altum\views\account\index.php on line 157
[04-Apr-2024 17:32:10 UTC] PHP Warning:  Attempt to read property "country" on null in C:\xampp\htdocs\ogpop-live\themes\altum\views\account\index.php on line 157
[04-Apr-2024 17:32:10 UTC] PHP Warning:  Attempt to read property "country" on null in C:\xampp\htdocs\ogpop-live\themes\altum\views\account\index.php on line 157
[04-Apr-2024 17:32:10 UTC] PHP Warning:  Attempt to read property "country" on null in C:\xampp\htdocs\ogpop-live\themes\altum\views\account\index.php on line 157
[04-Apr-2024 17:32:10 UTC] PHP Warning:  Attempt to read property "country" on null in C:\xampp\htdocs\ogpop-live\themes\altum\views\account\index.php on line 157
[04-Apr-2024 17:32:10 UTC] PHP Warning:  Attempt to read property "country" on null in C:\xampp\htdocs\ogpop-live\themes\altum\views\account\index.php on line 157
[04-Apr-2024 17:32:10 UTC] PHP Warning:  Attempt to read property "country" on null in C:\xampp\htdocs\ogpop-live\themes\altum\views\account\index.php on line 157
[04-Apr-2024 17:32:10 UTC] PHP Warning:  Attempt to read property "country" on null in C:\xampp\htdocs\ogpop-live\themes\altum\views\account\index.php on line 157
[04-Apr-2024 17:32:10 UTC] PHP Warning:  Attempt to read property "country" on null in C:\xampp\htdocs\ogpop-live\themes\altum\views\account\index.php on line 157
[04-Apr-2024 17:32:10 UTC] PHP Warning:  Attempt to read property "country" on null in C:\xampp\htdocs\ogpop-live\themes\altum\views\account\index.php on line 157
[04-Apr-2024 17:32:10 UTC] PHP Warning:  Attempt to read property "country" on null in C:\xampp\htdocs\ogpop-live\themes\altum\views\account\index.php on line 157
[04-Apr-2024 17:32:10 UTC] PHP Warning:  Attempt to read property "country" on null in C:\xampp\htdocs\ogpop-live\themes\altum\views\account\index.php on line 157
[04-Apr-2024 17:32:10 UTC] PHP Warning:  Attempt to read property "country" on null in C:\xampp\htdocs\ogpop-live\themes\altum\views\account\index.php on line 157
[04-Apr-2024 17:32:10 UTC] PHP Warning:  Attempt to read property "country" on null in C:\xampp\htdocs\ogpop-live\themes\altum\views\account\index.php on line 157
[04-Apr-2024 17:32:10 UTC] PHP Warning:  Attempt to read property "country" on null in C:\xampp\htdocs\ogpop-live\themes\altum\views\account\index.php on line 157
[04-Apr-2024 17:32:10 UTC] PHP Warning:  Attempt to read property "country" on null in C:\xampp\htdocs\ogpop-live\themes\altum\views\account\index.php on line 157
[04-Apr-2024 17:32:10 UTC] PHP Warning:  Attempt to read property "country" on null in C:\xampp\htdocs\ogpop-live\themes\altum\views\account\index.php on line 157
[04-Apr-2024 17:32:10 UTC] PHP Warning:  Attempt to read property "country" on null in C:\xampp\htdocs\ogpop-live\themes\altum\views\account\index.php on line 157
[04-Apr-2024 17:32:10 UTC] PHP Warning:  Attempt to read property "country" on null in C:\xampp\htdocs\ogpop-live\themes\altum\views\account\index.php on line 157
[04-Apr-2024 17:32:10 UTC] PHP Warning:  Attempt to read property "country" on null in C:\xampp\htdocs\ogpop-live\themes\altum\views\account\index.php on line 157
[04-Apr-2024 17:32:10 UTC] PHP Warning:  Attempt to read property "country" on null in C:\xampp\htdocs\ogpop-live\themes\altum\views\account\index.php on line 157
[04-Apr-2024 17:32:10 UTC] PHP Warning:  Attempt to read property "country" on null in C:\xampp\htdocs\ogpop-live\themes\altum\views\account\index.php on line 157
[04-Apr-2024 17:32:10 UTC] PHP Warning:  Attempt to read property "country" on null in C:\xampp\htdocs\ogpop-live\themes\altum\views\account\index.php on line 157
[04-Apr-2024 17:32:10 UTC] PHP Warning:  Attempt to read property "country" on null in C:\xampp\htdocs\ogpop-live\themes\altum\views\account\index.php on line 157
[04-Apr-2024 17:32:10 UTC] PHP Warning:  Attempt to read property "country" on null in C:\xampp\htdocs\ogpop-live\themes\altum\views\account\index.php on line 157
[04-Apr-2024 17:32:10 UTC] PHP Warning:  Attempt to read property "country" on null in C:\xampp\htdocs\ogpop-live\themes\altum\views\account\index.php on line 157
[04-Apr-2024 17:32:10 UTC] PHP Warning:  Attempt to read property "country" on null in C:\xampp\htdocs\ogpop-live\themes\altum\views\account\index.php on line 157
[04-Apr-2024 17:32:10 UTC] PHP Warning:  Attempt to read property "country" on null in C:\xampp\htdocs\ogpop-live\themes\altum\views\account\index.php on line 157
[04-Apr-2024 17:32:10 UTC] PHP Warning:  Attempt to read property "country" on null in C:\xampp\htdocs\ogpop-live\themes\altum\views\account\index.php on line 157
[04-Apr-2024 17:32:10 UTC] PHP Warning:  Attempt to read property "country" on null in C:\xampp\htdocs\ogpop-live\themes\altum\views\account\index.php on line 157
[04-Apr-2024 17:32:10 UTC] PHP Warning:  Attempt to read property "country" on null in C:\xampp\htdocs\ogpop-live\themes\altum\views\account\index.php on line 157
[04-Apr-2024 17:32:10 UTC] PHP Warning:  Attempt to read property "country" on null in C:\xampp\htdocs\ogpop-live\themes\altum\views\account\index.php on line 157
[04-Apr-2024 17:32:10 UTC] PHP Warning:  Attempt to read property "country" on null in C:\xampp\htdocs\ogpop-live\themes\altum\views\account\index.php on line 157
[04-Apr-2024 17:32:10 UTC] PHP Warning:  Attempt to read property "country" on null in C:\xampp\htdocs\ogpop-live\themes\altum\views\account\index.php on line 157
[04-Apr-2024 17:32:10 UTC] PHP Warning:  Attempt to read property "country" on null in C:\xampp\htdocs\ogpop-live\themes\altum\views\account\index.php on line 157
[04-Apr-2024 17:32:10 UTC] PHP Warning:  Attempt to read property "country" on null in C:\xampp\htdocs\ogpop-live\themes\altum\views\account\index.php on line 157
[04-Apr-2024 17:32:10 UTC] PHP Warning:  Attempt to read property "country" on null in C:\xampp\htdocs\ogpop-live\themes\altum\views\account\index.php on line 157
[04-Apr-2024 17:32:10 UTC] PHP Warning:  Attempt to read property "country" on null in C:\xampp\htdocs\ogpop-live\themes\altum\views\account\index.php on line 157
[04-Apr-2024 17:32:10 UTC] PHP Warning:  Attempt to read property "country" on null in C:\xampp\htdocs\ogpop-live\themes\altum\views\account\index.php on line 157
[04-Apr-2024 17:32:10 UTC] PHP Warning:  Attempt to read property "country" on null in C:\xampp\htdocs\ogpop-live\themes\altum\views\account\index.php on line 157
[04-Apr-2024 17:32:10 UTC] PHP Warning:  Attempt to read property "country" on null in C:\xampp\htdocs\ogpop-live\themes\altum\views\account\index.php on line 157
[04-Apr-2024 17:32:10 UTC] PHP Warning:  Attempt to read property "country" on null in C:\xampp\htdocs\ogpop-live\themes\altum\views\account\index.php on line 157
[04-Apr-2024 17:32:10 UTC] PHP Warning:  Attempt to read property "country" on null in C:\xampp\htdocs\ogpop-live\themes\altum\views\account\index.php on line 157
[04-Apr-2024 17:32:10 UTC] PHP Warning:  Attempt to read property "country" on null in C:\xampp\htdocs\ogpop-live\themes\altum\views\account\index.php on line 157
[04-Apr-2024 17:32:10 UTC] PHP Warning:  Attempt to read property "country" on null in C:\xampp\htdocs\ogpop-live\themes\altum\views\account\index.php on line 157
[04-Apr-2024 17:32:10 UTC] PHP Warning:  Attempt to read property "country" on null in C:\xampp\htdocs\ogpop-live\themes\altum\views\account\index.php on line 157
[04-Apr-2024 17:32:10 UTC] PHP Warning:  Attempt to read property "country" on null in C:\xampp\htdocs\ogpop-live\themes\altum\views\account\index.php on line 157
[04-Apr-2024 17:32:10 UTC] PHP Warning:  Attempt to read property "country" on null in C:\xampp\htdocs\ogpop-live\themes\altum\views\account\index.php on line 157
[04-Apr-2024 17:32:10 UTC] PHP Warning:  Attempt to read property "country" on null in C:\xampp\htdocs\ogpop-live\themes\altum\views\account\index.php on line 157
[04-Apr-2024 17:32:10 UTC] PHP Warning:  Attempt to read property "country" on null in C:\xampp\htdocs\ogpop-live\themes\altum\views\account\index.php on line 157
[04-Apr-2024 17:32:10 UTC] PHP Warning:  Attempt to read property "country" on null in C:\xampp\htdocs\ogpop-live\themes\altum\views\account\index.php on line 157
[04-Apr-2024 17:32:10 UTC] PHP Warning:  Attempt to read property "country" on null in C:\xampp\htdocs\ogpop-live\themes\altum\views\account\index.php on line 157
[04-Apr-2024 17:32:10 UTC] PHP Warning:  Attempt to read property "country" on null in C:\xampp\htdocs\ogpop-live\themes\altum\views\account\index.php on line 157
[04-Apr-2024 17:32:10 UTC] PHP Warning:  Attempt to read property "country" on null in C:\xampp\htdocs\ogpop-live\themes\altum\views\account\index.php on line 157
[04-Apr-2024 17:32:10 UTC] PHP Warning:  Attempt to read property "country" on null in C:\xampp\htdocs\ogpop-live\themes\altum\views\account\index.php on line 157
[04-Apr-2024 17:32:10 UTC] PHP Warning:  Attempt to read property "country" on null in C:\xampp\htdocs\ogpop-live\themes\altum\views\account\index.php on line 157
[04-Apr-2024 17:32:10 UTC] PHP Warning:  Attempt to read property "country" on null in C:\xampp\htdocs\ogpop-live\themes\altum\views\account\index.php on line 157
[04-Apr-2024 17:32:10 UTC] PHP Warning:  Attempt to read property "country" on null in C:\xampp\htdocs\ogpop-live\themes\altum\views\account\index.php on line 157
[04-Apr-2024 17:32:10 UTC] PHP Warning:  Attempt to read property "country" on null in C:\xampp\htdocs\ogpop-live\themes\altum\views\account\index.php on line 157
[04-Apr-2024 17:32:10 UTC] PHP Warning:  Attempt to read property "country" on null in C:\xampp\htdocs\ogpop-live\themes\altum\views\account\index.php on line 157
[04-Apr-2024 17:32:10 UTC] PHP Warning:  Attempt to read property "country" on null in C:\xampp\htdocs\ogpop-live\themes\altum\views\account\index.php on line 157
[04-Apr-2024 17:32:10 UTC] PHP Warning:  Attempt to read property "country" on null in C:\xampp\htdocs\ogpop-live\themes\altum\views\account\index.php on line 157
[04-Apr-2024 17:32:10 UTC] PHP Warning:  Attempt to read property "country" on null in C:\xampp\htdocs\ogpop-live\themes\altum\views\account\index.php on line 157
[04-Apr-2024 17:32:10 UTC] PHP Warning:  Attempt to read property "country" on null in C:\xampp\htdocs\ogpop-live\themes\altum\views\account\index.php on line 157
[04-Apr-2024 17:32:10 UTC] PHP Warning:  Attempt to read property "country" on null in C:\xampp\htdocs\ogpop-live\themes\altum\views\account\index.php on line 157
[04-Apr-2024 17:32:10 UTC] PHP Warning:  Attempt to read property "country" on null in C:\xampp\htdocs\ogpop-live\themes\altum\views\account\index.php on line 157
[04-Apr-2024 17:32:10 UTC] PHP Warning:  Attempt to read property "country" on null in C:\xampp\htdocs\ogpop-live\themes\altum\views\account\index.php on line 157
[04-Apr-2024 17:32:10 UTC] PHP Warning:  Attempt to read property "country" on null in C:\xampp\htdocs\ogpop-live\themes\altum\views\account\index.php on line 157
[04-Apr-2024 17:32:10 UTC] PHP Warning:  Attempt to read property "country" on null in C:\xampp\htdocs\ogpop-live\themes\altum\views\account\index.php on line 157
[04-Apr-2024 17:32:10 UTC] PHP Warning:  Attempt to read property "country" on null in C:\xampp\htdocs\ogpop-live\themes\altum\views\account\index.php on line 157
[04-Apr-2024 17:32:10 UTC] PHP Warning:  Attempt to read property "country" on null in C:\xampp\htdocs\ogpop-live\themes\altum\views\account\index.php on line 157
[04-Apr-2024 17:32:10 UTC] PHP Warning:  Attempt to read property "country" on null in C:\xampp\htdocs\ogpop-live\themes\altum\views\account\index.php on line 157
[04-Apr-2024 17:32:10 UTC] PHP Warning:  Attempt to read property "country" on null in C:\xampp\htdocs\ogpop-live\themes\altum\views\account\index.php on line 157
[04-Apr-2024 17:32:10 UTC] PHP Warning:  Attempt to read property "country" on null in C:\xampp\htdocs\ogpop-live\themes\altum\views\account\index.php on line 157
[04-Apr-2024 17:32:10 UTC] PHP Warning:  Attempt to read property "country" on null in C:\xampp\htdocs\ogpop-live\themes\altum\views\account\index.php on line 157
[04-Apr-2024 17:32:10 UTC] PHP Warning:  Attempt to read property "country" on null in C:\xampp\htdocs\ogpop-live\themes\altum\views\account\index.php on line 157
[04-Apr-2024 17:32:10 UTC] PHP Warning:  Attempt to read property "country" on null in C:\xampp\htdocs\ogpop-live\themes\altum\views\account\index.php on line 157
[04-Apr-2024 17:32:10 UTC] PHP Warning:  Attempt to read property "country" on null in C:\xampp\htdocs\ogpop-live\themes\altum\views\account\index.php on line 157
[04-Apr-2024 17:32:10 UTC] PHP Warning:  Attempt to read property "country" on null in C:\xampp\htdocs\ogpop-live\themes\altum\views\account\index.php on line 157
[04-Apr-2024 17:32:10 UTC] PHP Warning:  Attempt to read property "country" on null in C:\xampp\htdocs\ogpop-live\themes\altum\views\account\index.php on line 157
[04-Apr-2024 17:32:10 UTC] PHP Warning:  Attempt to read property "country" on null in C:\xampp\htdocs\ogpop-live\themes\altum\views\account\index.php on line 157
[04-Apr-2024 17:32:10 UTC] PHP Warning:  Attempt to read property "country" on null in C:\xampp\htdocs\ogpop-live\themes\altum\views\account\index.php on line 157
[04-Apr-2024 17:32:10 UTC] PHP Warning:  Attempt to read property "country" on null in C:\xampp\htdocs\ogpop-live\themes\altum\views\account\index.php on line 157
[04-Apr-2024 17:32:10 UTC] PHP Warning:  Attempt to read property "country" on null in C:\xampp\htdocs\ogpop-live\themes\altum\views\account\index.php on line 157
[04-Apr-2024 17:32:10 UTC] PHP Warning:  Attempt to read property "country" on null in C:\xampp\htdocs\ogpop-live\themes\altum\views\account\index.php on line 157
[04-Apr-2024 17:32:10 UTC] PHP Warning:  Attempt to read property "country" on null in C:\xampp\htdocs\ogpop-live\themes\altum\views\account\index.php on line 157
[04-Apr-2024 17:32:10 UTC] PHP Warning:  Attempt to read property "country" on null in C:\xampp\htdocs\ogpop-live\themes\altum\views\account\index.php on line 157
[04-Apr-2024 17:32:10 UTC] PHP Warning:  Attempt to read property "country" on null in C:\xampp\htdocs\ogpop-live\themes\altum\views\account\index.php on line 157
[04-Apr-2024 17:32:10 UTC] PHP Warning:  Attempt to read property "country" on null in C:\xampp\htdocs\ogpop-live\themes\altum\views\account\index.php on line 157
[04-Apr-2024 17:32:10 UTC] PHP Warning:  Attempt to read property "country" on null in C:\xampp\htdocs\ogpop-live\themes\altum\views\account\index.php on line 157
[04-Apr-2024 17:32:10 UTC] PHP Warning:  Attempt to read property "country" on null in C:\xampp\htdocs\ogpop-live\themes\altum\views\account\index.php on line 157
[04-Apr-2024 17:32:10 UTC] PHP Warning:  Attempt to read property "country" on null in C:\xampp\htdocs\ogpop-live\themes\altum\views\account\index.php on line 157
[04-Apr-2024 17:32:10 UTC] PHP Warning:  Attempt to read property "country" on null in C:\xampp\htdocs\ogpop-live\themes\altum\views\account\index.php on line 157
[04-Apr-2024 17:32:10 UTC] PHP Warning:  Attempt to read property "country" on null in C:\xampp\htdocs\ogpop-live\themes\altum\views\account\index.php on line 157
[04-Apr-2024 17:32:10 UTC] PHP Warning:  Attempt to read property "country" on null in C:\xampp\htdocs\ogpop-live\themes\altum\views\account\index.php on line 157
[04-Apr-2024 17:32:10 UTC] PHP Warning:  Attempt to read property "country" on null in C:\xampp\htdocs\ogpop-live\themes\altum\views\account\index.php on line 157
[04-Apr-2024 17:32:10 UTC] PHP Warning:  Attempt to read property "country" on null in C:\xampp\htdocs\ogpop-live\themes\altum\views\account\index.php on line 157
[04-Apr-2024 17:32:10 UTC] PHP Warning:  Attempt to read property "country" on null in C:\xampp\htdocs\ogpop-live\themes\altum\views\account\index.php on line 157
[04-Apr-2024 17:32:10 UTC] PHP Warning:  Attempt to read property "country" on null in C:\xampp\htdocs\ogpop-live\themes\altum\views\account\index.php on line 157
[04-Apr-2024 17:32:10 UTC] PHP Warning:  Attempt to read property "country" on null in C:\xampp\htdocs\ogpop-live\themes\altum\views\account\index.php on line 157
[04-Apr-2024 17:32:10 UTC] PHP Warning:  Attempt to read property "country" on null in C:\xampp\htdocs\ogpop-live\themes\altum\views\account\index.php on line 157
[04-Apr-2024 17:32:10 UTC] PHP Warning:  Attempt to read property "country" on null in C:\xampp\htdocs\ogpop-live\themes\altum\views\account\index.php on line 157
[04-Apr-2024 17:32:10 UTC] PHP Warning:  Attempt to read property "country" on null in C:\xampp\htdocs\ogpop-live\themes\altum\views\account\index.php on line 157
[04-Apr-2024 17:32:10 UTC] PHP Warning:  Attempt to read property "country" on null in C:\xampp\htdocs\ogpop-live\themes\altum\views\account\index.php on line 157
[04-Apr-2024 17:32:10 UTC] PHP Warning:  Attempt to read property "country" on null in C:\xampp\htdocs\ogpop-live\themes\altum\views\account\index.php on line 157
[04-Apr-2024 17:32:10 UTC] PHP Warning:  Attempt to read property "country" on null in C:\xampp\htdocs\ogpop-live\themes\altum\views\account\index.php on line 157
[04-Apr-2024 17:32:10 UTC] PHP Warning:  Attempt to read property "country" on null in C:\xampp\htdocs\ogpop-live\themes\altum\views\account\index.php on line 157
[04-Apr-2024 17:32:10 UTC] PHP Warning:  Attempt to read property "country" on null in C:\xampp\htdocs\ogpop-live\themes\altum\views\account\index.php on line 157
[04-Apr-2024 17:32:10 UTC] PHP Warning:  Attempt to read property "country" on null in C:\xampp\htdocs\ogpop-live\themes\altum\views\account\index.php on line 157
[04-Apr-2024 17:32:10 UTC] PHP Warning:  Attempt to read property "country" on null in C:\xampp\htdocs\ogpop-live\themes\altum\views\account\index.php on line 157
[04-Apr-2024 17:32:10 UTC] PHP Warning:  Attempt to read property "phone" on null in C:\xampp\htdocs\ogpop-live\themes\altum\views\account\index.php on line 166
[04-Apr-2024 17:32:10 UTC] PHP Warning:  Attempt to read property "tax_id" on null in C:\xampp\htdocs\ogpop-live\themes\altum\views\account\index.php on line 173
[04-Apr-2024 17:32:10 UTC] PHP Warning:  Attempt to read property "notes" on null in C:\xampp\htdocs\ogpop-live\themes\altum\views\account\index.php on line 183
